#
# There is insufficient memory for the Java Runtime Environment to continue.
# Native memory allocation (malloc) failed to allocate 32744 bytes for ChunkPool::allocate
# Possible reasons:
#   The system is out of physical RAM or swap space
#   The process is running with CompressedOops enabled, and the Java Heap may be blocking the growth of the native heap
# Possible solutions:
#   Reduce memory load on the system
#   Increase physical memory or swap space
#   Check if swap backing store is full
#   Decrease Java heap size (-Xmx/-Xms)
#   Decrease number of Java threads
#   Decrease Java thread stack sizes (-Xss)
#   Set larger code cache with -XX:ReservedCodeCacheSize=
#   JVM is running with Unscaled Compressed Oops mode in which the Java heap is
#     placed in the first 4GB address space. The Java Heap base address is the
#     maximum limit for the native heap growth. Please use -XX:HeapBaseMinAddress
#     to set the Java Heap base and to place the Java Heap above 4GB virtual address.
# This output file may be truncated or incomplete.
#
#  Out of Memory Error (./src/hotspot/share/memory/arena.cpp:81), pid=9292, tid=7172
#
# JRE version: OpenJDK Runtime Environment (11.0.11+9) (build 11.0.11+9-b60-7590822)
# Java VM: OpenJDK 64-Bit Server VM (11.0.11+9-b60-7590822, mixed mode, tiered, compressed oops, g1 gc, windows-amd64)
# No core dump will be written. Minidumps are not enabled by default on client versions of Windows
#

---------------  S U M M A R Y ------------

Command Line: 

Host: Intel(R) Celeron(R) CPU  N3060  @ 1.60GHz, 2 cores, 3G,  Windows 10 , 64 bit Build 19041 (10.0.19041.1503)
Time: Mon Feb 14 16:44:29 2022 W. Central Africa Standard Time elapsed time: 0.713779 seconds (0d 0h 0m 0s)

---------------  T H R E A D  ---------------

Current thread (0x00000238c88ce800):  JavaThread "C2 CompilerThread0" daemon [_thread_in_vm, id=7172, stack(0x0000008f7af00000,0x0000008f7b000000)]

Stack: [0x0000008f7af00000,0x0000008f7b000000]
Native frames: (J=compiled Java code, j=interpreted, Vv=VM code, C=native code)
V  [jvm.dll+0x5f214a]
V  [jvm.dll+0x726fb5]
V  [jvm.dll+0x7285cd]
V  [jvm.dll+0x728c83]
V  [jvm.dll+0x243278]
V  [jvm.dll+0xbc78b]
V  [jvm.dll+0xbca3c]
V  [jvm.dll+0x5d0465]
V  [jvm.dll+0x589e3e]
V  [jvm.dll+0x588a4e]
V  [jvm.dll+0x1fc082]
V  [jvm.dll+0x1fa917]
V  [jvm.dll+0x651cf7]
V  [jvm.dll+0x6518a4]
V  [jvm.dll+0x183f9e]
V  [jvm.dll+0x183fe7]
V  [jvm.dll+0x208b39]
V  [jvm.dll+0x20811b]
V  [jvm.dll+0x6ef58f]
V  [jvm.dll+0x6e80b5]
V  [jvm.dll+0x5f1036]
C  [ucrtbase.dll+0x21bb2]
C  [KERNEL32.DLL+0x17034]
C  [ntdll.dll+0x52651]


---------------  P R O C E S S  ---------------

Threads class SMR info:
_java_thread_list=0x00000238c88b9f50, length=8, elements={
0x00000238b08c7800, 0x00000238c88a5000, 0x00000238c88a6800, 0x00000238c88c5000,
0x00000238c88c8000, 0x00000238c88ca000, 0x00000238c88ce800, 0x00000238c8a60800
}

Java Threads: ( => current thread )
  0x00000238b08c7800 JavaThread "main" [_thread_in_vm, id=2400, stack(0x0000008f7a200000,0x0000008f7a300000)]
  0x00000238c88a5000 JavaThread "Reference Handler" daemon [_thread_blocked, id=4856, stack(0x0000008f7aa00000,0x0000008f7ab00000)]
  0x00000238c88a6800 JavaThread "Finalizer" daemon [_thread_blocked, id=9344, stack(0x0000008f7ab00000,0x0000008f7ac00000)]
  0x00000238c88c5000 JavaThread "Signal Dispatcher" daemon [_thread_new, id=5560, stack(0x0000000000000000,0x0000000000000000)]
  0x00000238c88c8000 JavaThread "Attach Listener" daemon [_thread_new, id=6888, stack(0x0000000000000000,0x0000000000000000)]
  0x00000238c88ca000 JavaThread "Service Thread" daemon [_thread_new, id=8176, stack(0x0000000000000000,0x0000000000000000)]
=>0x00000238c88ce800 JavaThread "C2 CompilerThread0" daemon [_thread_in_vm, id=7172, stack(0x0000008f7af00000,0x0000008f7b000000)]
  0x00000238c8a60800 JavaThread "C1 CompilerThread0" daemon [_thread_new, id=10672, stack(0x0000000000000000,0x0000000000000000)]

Other Threads:
  0x00000238c88a2000 VMThread "VM Thread" [stack: 0x0000008f7a900000,0x0000008f7aa00000] [id=9068]
  0x00000238b08df800 GCTaskThread "GC Thread#0" [stack: 0x0000008f7a400000,0x0000008f7a500000] [id=1616]
  0x00000238b08f9000 ConcurrentGCThread "G1 Main Marker" [stack: 0x0000008f7a500000,0x0000008f7a600000] [id=1968]
  0x00000238b08fb000 ConcurrentGCThread "G1 Conc#0" [stack: 0x0000008f7a600000,0x0000008f7a700000] [id=6816]
  0x00000238b0948000 ConcurrentGCThread "G1 Refine#0" [stack: 0x0000008f7a700000,0x0000008f7a800000] [id=11048]
  0x00000238b094a000 ConcurrentGCThread "G1 Young RemSet Sampling" [stack: 0x0000008f7a800000,0x0000008f7a900000] [id=10916]

Threads with active compile tasks:

VM state:not at safepoint (normal execution)

VM Mutex/Monitor currently owned by a thread: None

Heap address: 0x00000000c1600000, size: 1002 MB, Compressed Oops mode: 32-bit
Narrow klass base: 0x0000000000000000, Narrow klass shift: 3
Compressed class space size: 1073741824 Address: 0x0000000100000000

Heap:
 garbage-first heap   total 65536K, used 0K [0x00000000c1600000, 0x0000000100000000)
  region size 1024K, 1 young (1024K), 0 survivors (0K)
 Metaspace       used 2302K, capacity 4480K, committed 4480K, reserved 1056768K
  class space    used 192K, capacity 384K, committed 384K, reserved 1048576K
Heap Regions: E=young(eden), S=young(survivor), O=old, HS=humongous(starts), HC=humongous(continues), CS=collection set, F=free, A=archive, TAMS=top-at-mark-start (previous, next)
|   0|0x00000000c1600000, 0x00000000c1600000, 0x00000000c1700000|  0%| F|  |TAMS 0x00000000c1600000, 0x00000000c1600000| Untracked 
|   1|0x00000000c1700000, 0x00000000c1700000, 0x00000000c1800000|  0%| F|  |TAMS 0x00000000c1700000, 0x00000000c1700000| Untracked 
|   2|0x00000000c1800000, 0x00000000c1800000, 0x00000000c1900000|  0%| F|  |TAMS 0x00000000c1800000, 0x00000000c1800000| Untracked 
|   3|0x00000000c1900000, 0x00000000c1900000, 0x00000000c1a00000|  0%| F|  |TAMS 0x00000000c1900000, 0x00000000c1900000| Untracked 
|   4|0x00000000c1a00000, 0x00000000c1a00000, 0x00000000c1b00000|  0%| F|  |TAMS 0x00000000c1a00000, 0x00000000c1a00000| Untracked 
|   5|0x00000000c1b00000, 0x00000000c1b00000, 0x00000000c1c00000|  0%| F|  |TAMS 0x00000000c1b00000, 0x00000000c1b00000| Untracked 
|   6|0x00000000c1c00000, 0x00000000c1c00000, 0x00000000c1d00000|  0%| F|  |TAMS 0x00000000c1c00000, 0x00000000c1c00000| Untracked 
|   7|0x00000000c1d00000, 0x00000000c1d00000, 0x00000000c1e00000|  0%| F|  |TAMS 0x00000000c1d00000, 0x00000000c1d00000| Untracked 
|   8|0x00000000c1e00000, 0x00000000c1e00000, 0x00000000c1f00000|  0%| F|  |TAMS 0x00000000c1e00000, 0x00000000c1e00000| Untracked 
|   9|0x00000000c1f00000, 0x00000000c1f00000, 0x00000000c2000000|  0%| F|  |TAMS 0x00000000c1f00000, 0x00000000c1f00000| Untracked 
|  10|0x00000000c2000000, 0x00000000c2000000, 0x00000000c2100000|  0%| F|  |TAMS 0x00000000c2000000, 0x00000000c2000000| Untracked 
|  11|0x00000000c2100000, 0x00000000c2100000, 0x00000000c2200000|  0%| F|  |TAMS 0x00000000c2100000, 0x00000000c2100000| Untracked 
|  12|0x00000000c2200000, 0x00000000c2200000, 0x00000000c2300000|  0%| F|  |TAMS 0x00000000c2200000, 0x00000000c2200000| Untracked 
|  13|0x00000000c2300000, 0x00000000c2300000, 0x00000000c2400000|  0%| F|  |TAMS 0x00000000c2300000, 0x00000000c2300000| Untracked 
|  14|0x00000000c2400000, 0x00000000c2400000, 0x00000000c2500000|  0%| F|  |TAMS 0x00000000c2400000, 0x00000000c2400000| Untracked 
|  15|0x00000000c2500000, 0x00000000c2500000, 0x00000000c2600000|  0%| F|  |TAMS 0x00000000c2500000, 0x00000000c2500000| Untracked 
|  16|0x00000000c2600000, 0x00000000c2600000, 0x00000000c2700000|  0%| F|  |TAMS 0x00000000c2600000, 0x00000000c2600000| Untracked 
|  17|0x00000000c2700000, 0x00000000c2700000, 0x00000000c2800000|  0%| F|  |TAMS 0x00000000c2700000, 0x00000000c2700000| Untracked 
|  18|0x00000000c2800000, 0x00000000c2800000, 0x00000000c2900000|  0%| F|  |TAMS 0x00000000c2800000, 0x00000000c2800000| Untracked 
|  19|0x00000000c2900000, 0x00000000c2900000, 0x00000000c2a00000|  0%| F|  |TAMS 0x00000000c2900000, 0x00000000c2900000| Untracked 
|  20|0x00000000c2a00000, 0x00000000c2a00000, 0x00000000c2b00000|  0%| F|  |TAMS 0x00000000c2a00000, 0x00000000c2a00000| Untracked 
|  21|0x00000000c2b00000, 0x00000000c2b00000, 0x00000000c2c00000|  0%| F|  |TAMS 0x00000000c2b00000, 0x00000000c2b00000| Untracked 
|  22|0x00000000c2c00000, 0x00000000c2c00000, 0x00000000c2d00000|  0%| F|  |TAMS 0x00000000c2c00000, 0x00000000c2c00000| Untracked 
|  23|0x00000000c2d00000, 0x00000000c2d00000, 0x00000000c2e00000|  0%| F|  |TAMS 0x00000000c2d00000, 0x00000000c2d00000| Untracked 
|  24|0x00000000c2e00000, 0x00000000c2e00000, 0x00000000c2f00000|  0%| F|  |TAMS 0x00000000c2e00000, 0x00000000c2e00000| Untracked 
|  25|0x00000000c2f00000, 0x00000000c2f00000, 0x00000000c3000000|  0%| F|  |TAMS 0x00000000c2f00000, 0x00000000c2f00000| Untracked 
|  26|0x00000000c3000000, 0x00000000c3000000, 0x00000000c3100000|  0%| F|  |TAMS 0x00000000c3000000, 0x00000000c3000000| Untracked 
|  27|0x00000000c3100000, 0x00000000c3100000, 0x00000000c3200000|  0%| F|  |TAMS 0x00000000c3100000, 0x00000000c3100000| Untracked 
|  28|0x00000000c3200000, 0x00000000c3200000, 0x00000000c3300000|  0%| F|  |TAMS 0x00000000c3200000, 0x00000000c3200000| Untracked 
|  29|0x00000000c3300000, 0x00000000c3300000, 0x00000000c3400000|  0%| F|  |TAMS 0x00000000c3300000, 0x00000000c3300000| Untracked 
|  30|0x00000000c3400000, 0x00000000c3400000, 0x00000000c3500000|  0%| F|  |TAMS 0x00000000c3400000, 0x00000000c3400000| Untracked 
|  31|0x00000000c3500000, 0x00000000c3500000, 0x00000000c3600000|  0%| F|  |TAMS 0x00000000c3500000, 0x00000000c3500000| Untracked 
|  32|0x00000000c3600000, 0x00000000c3600000, 0x00000000c3700000|  0%| F|  |TAMS 0x00000000c3600000, 0x00000000c3600000| Untracked 
|  33|0x00000000c3700000, 0x00000000c3700000, 0x00000000c3800000|  0%| F|  |TAMS 0x00000000c3700000, 0x00000000c3700000| Untracked 
|  34|0x00000000c3800000, 0x00000000c3800000, 0x00000000c3900000|  0%| F|  |TAMS 0x00000000c3800000, 0x00000000c3800000| Untracked 
|  35|0x00000000c3900000, 0x00000000c3900000, 0x00000000c3a00000|  0%| F|  |TAMS 0x00000000c3900000, 0x00000000c3900000| Untracked 
|  36|0x00000000c3a00000, 0x00000000c3a00000, 0x00000000c3b00000|  0%| F|  |TAMS 0x00000000c3a00000, 0x00000000c3a00000| Untracked 
|  37|0x00000000c3b00000, 0x00000000c3b00000, 0x00000000c3c00000|  0%| F|  |TAMS 0x00000000c3b00000, 0x00000000c3b00000| Untracked 
|  38|0x00000000c3c00000, 0x00000000c3c00000, 0x00000000c3d00000|  0%| F|  |TAMS 0x00000000c3c00000, 0x00000000c3c00000| Untracked 
|  39|0x00000000c3d00000, 0x00000000c3d00000, 0x00000000c3e00000|  0%| F|  |TAMS 0x00000000c3d00000, 0x00000000c3d00000| Untracked 
|  40|0x00000000c3e00000, 0x00000000c3e00000, 0x00000000c3f00000|  0%| F|  |TAMS 0x00000000c3e00000, 0x00000000c3e00000| Untracked 
|  41|0x00000000c3f00000, 0x00000000c3f00000, 0x00000000c4000000|  0%| F|  |TAMS 0x00000000c3f00000, 0x00000000c3f00000| Untracked 
|  42|0x00000000c4000000, 0x00000000c4000000, 0x00000000c4100000|  0%| F|  |TAMS 0x00000000c4000000, 0x00000000c4000000| Untracked 
|  43|0x00000000c4100000, 0x00000000c4100000, 0x00000000c4200000|  0%| F|  |TAMS 0x00000000c4100000, 0x00000000c4100000| Untracked 
|  44|0x00000000c4200000, 0x00000000c4200000, 0x00000000c4300000|  0%| F|  |TAMS 0x00000000c4200000, 0x00000000c4200000| Untracked 
|  45|0x00000000c4300000, 0x00000000c4300000, 0x00000000c4400000|  0%| F|  |TAMS 0x00000000c4300000, 0x00000000c4300000| Untracked 
|  46|0x00000000c4400000, 0x00000000c4400000, 0x00000000c4500000|  0%| F|  |TAMS 0x00000000c4400000, 0x00000000c4400000| Untracked 
|  47|0x00000000c4500000, 0x00000000c4500000, 0x00000000c4600000|  0%| F|  |TAMS 0x00000000c4500000, 0x00000000c4500000| Untracked 
|  48|0x00000000c4600000, 0x00000000c4600000, 0x00000000c4700000|  0%| F|  |TAMS 0x00000000c4600000, 0x00000000c4600000| Untracked 
|  49|0x00000000c4700000, 0x00000000c4700000, 0x00000000c4800000|  0%| F|  |TAMS 0x00000000c4700000, 0x00000000c4700000| Untracked 
|  50|0x00000000c4800000, 0x00000000c4800000, 0x00000000c4900000|  0%| F|  |TAMS 0x00000000c4800000, 0x00000000c4800000| Untracked 
|  51|0x00000000c4900000, 0x00000000c4900000, 0x00000000c4a00000|  0%| F|  |TAMS 0x00000000c4900000, 0x00000000c4900000| Untracked 
|  52|0x00000000c4a00000, 0x00000000c4a00000, 0x00000000c4b00000|  0%| F|  |TAMS 0x00000000c4a00000, 0x00000000c4a00000| Untracked 
|  53|0x00000000c4b00000, 0x00000000c4b00000, 0x00000000c4c00000|  0%| F|  |TAMS 0x00000000c4b00000, 0x00000000c4b00000| Untracked 
|  54|0x00000000c4c00000, 0x00000000c4c00000, 0x00000000c4d00000|  0%| F|  |TAMS 0x00000000c4c00000, 0x00000000c4c00000| Untracked 
|  55|0x00000000c4d00000, 0x00000000c4d00000, 0x00000000c4e00000|  0%| F|  |TAMS 0x00000000c4d00000, 0x00000000c4d00000| Untracked 
|  56|0x00000000c4e00000, 0x00000000c4e00000, 0x00000000c4f00000|  0%| F|  |TAMS 0x00000000c4e00000, 0x00000000c4e00000| Untracked 
|  57|0x00000000c4f00000, 0x00000000c4f00000, 0x00000000c5000000|  0%| F|  |TAMS 0x00000000c4f00000, 0x00000000c4f00000| Untracked 
|  58|0x00000000c5000000, 0x00000000c5000000, 0x00000000c5100000|  0%| F|  |TAMS 0x00000000c5000000, 0x00000000c5000000| Untracked 
|  59|0x00000000c5100000, 0x00000000c5100000, 0x00000000c5200000|  0%| F|  |TAMS 0x00000000c5100000, 0x00000000c5100000| Untracked 
|  60|0x00000000c5200000, 0x00000000c5200000, 0x00000000c5300000|  0%| F|  |TAMS 0x00000000c5200000, 0x00000000c5200000| Untracked 
|  61|0x00000000c5300000, 0x00000000c5300000, 0x00000000c5400000|  0%| F|  |TAMS 0x00000000c5300000, 0x00000000c5300000| Untracked 
|  62|0x00000000c5400000, 0x00000000c5400000, 0x00000000c5500000|  0%| F|  |TAMS 0x00000000c5400000, 0x00000000c5400000| Untracked 
|  63|0x00000000c5500000, 0x00000000c556d930, 0x00000000c5600000| 42%| E|  |TAMS 0x00000000c5500000, 0x00000000c5500000| Complete 

Card table byte_map: [0x00000238c39d0000,0x00000238c3bd0000] _byte_map_base: 0x00000238c33c5000

Marking Bits (Prev, Next): (CMBitMap*) 0x00000238b08f4048, (CMBitMap*) 0x00000238b08f4080
 Prev Bits: [0x00000238c3dd0000, 0x00000238c4d78000)
 Next Bits: [0x00000238c4d80000, 0x00000238c5d28000)

Polling page: 0x00000238af040000

Metaspace:

Usage:
  Non-class:      4.00 MB capacity,     2.06 MB ( 52%) used,     1.94 MB ( 48%) free+waste,    64 bytes ( <1%) overhead. 
      Class:    384.00 KB capacity,   192.04 KB ( 50%) used,   191.90 KB ( 50%) free+waste,    64 bytes ( <1%) overhead. 
       Both:      4.38 MB capacity,     2.25 MB ( 51%) used,     2.13 MB ( 49%) free+waste,   128 bytes ( <1%) overhead. 

Virtual space:
  Non-class space:        8.00 MB reserved,       4.00 MB ( 50%) committed 
      Class space:        1.00 GB reserved,     384.00 KB ( <1%) committed 
             Both:        1.01 GB reserved,       4.38 MB ( <1%) committed 

Chunk freelists:
   Non-Class:  0 bytes
       Class:  0 bytes
        Both:  0 bytes

MaxMetaspaceSize: 17179869184.00 GB
CompressedClassSpaceSize: 1.00 GB

CodeHeap 'non-profiled nmethods': size=120064Kb used=0Kb max_used=0Kb free=120064Kb
 bounds [0x00000238bbe90000, 0x00000238bc100000, 0x00000238c33d0000]
CodeHeap 'profiled nmethods': size=120000Kb used=0Kb max_used=0Kb free=120000Kb
 bounds [0x00000238b4960000, 0x00000238b4bd0000, 0x00000238bbe90000]
CodeHeap 'non-nmethods': size=5696Kb used=369Kb max_used=372Kb free=5326Kb
 bounds [0x00000238b43d0000, 0x00000238b4640000, 0x00000238b4960000]
 total_blobs=161 nmethods=0 adapters=125
 compilation: enabled
              stopped_count=0, restarted_count=0
 full_count=0

Compilation events (0 events):
No events

GC Heap History (0 events):
No events

Deoptimization events (0 events):
No events

Classes redefined (0 events):
No events

Internal exceptions (0 events):
No events

Events (20 events):
Event: 0.690 loading class java/io/File
Event: 0.691 loading class java/io/File done
Event: 0.691 loading class java/io/DefaultFileSystem
Event: 0.691 loading class java/io/DefaultFileSystem done
Event: 0.691 loading class java/io/WinNTFileSystem
Event: 0.692 loading class java/io/FileSystem
Event: 0.692 loading class java/io/FileSystem done
Event: 0.692 loading class java/io/WinNTFileSystem done
Event: 0.693 loading class java/io/ExpiringCache
Event: 0.694 loading class java/io/ExpiringCache done
Event: 0.694 loading class java/io/ExpiringCache$1
Event: 0.694 loading class java/util/LinkedHashMap
Event: 0.694 loading class java/util/LinkedHashMap done
Event: 0.694 loading class java/io/ExpiringCache$1 done
Event: 0.696 loading class java/lang/IllegalArgumentException
Event: 0.696 loading class java/lang/IllegalArgumentException done
Event: 0.696 Thread 0x00000238c88c5000 Thread added: 0x00000238c88c5000
Event: 0.697 Thread 0x00000238c88c8000 Thread added: 0x00000238c88c8000
Event: 0.697 Thread 0x00000238c88ca000 Thread added: 0x00000238c88ca000
Event: 0.697 Thread 0x00000238c88ce800 Thread added: 0x00000238c88ce800


Dynamic libraries:
0x00007ff62bf60000 - 0x00007ff62bf6a000 	C:\Users\h\Documents\andriod\jre\bin\java.EXE
0x00007ffafd410000 - 0x00007ffafd605000 	C:\WINDOWS\SYSTEM32\ntdll.dll
0x00007ffafbdf0000 - 0x00007ffafbeae000 	C:\WINDOWS\System32\KERNEL32.DLL
0x00007ffafaf30000 - 0x00007ffafb1f8000 	C:\WINDOWS\System32\KERNELBASE.dll
0x00007ffafac80000 - 0x00007ffafad80000 	C:\WINDOWS\System32\ucrtbase.dll
0x00007ffaded00000 - 0x00007ffaded19000 	C:\Users\h\Documents\andriod\jre\bin\jli.dll
0x00007ffafd120000 - 0x00007ffafd2c0000 	C:\WINDOWS\System32\USER32.dll
0x00007ffafad80000 - 0x00007ffafada2000 	C:\WINDOWS\System32\win32u.dll
0x00007ffafd2c0000 - 0x00007ffafd2eb000 	C:\WINDOWS\System32\GDI32.dll
0x00007ffafadb0000 - 0x00007ffafaebd000 	C:\WINDOWS\System32\gdi32full.dll
0x00007ffafb330000 - 0x00007ffafb3cd000 	C:\WINDOWS\System32\msvcp_win.dll
0x00007ffad1780000 - 0x00007ffad1797000 	C:\Users\h\Documents\andriod\jre\bin\VCRUNTIME140.dll
0x00007ffae6710000 - 0x00007ffae69aa000 	C:\WINDOWS\WinSxS\amd64_microsoft.windows.common-controls_6595b64144ccf1df_6.0.19041.1110_none_60b5254171f9507e\COMCTL32.dll
0x00007ffafb690000 - 0x00007ffafb72e000 	C:\WINDOWS\System32\msvcrt.dll
0x00007ffafc8f0000 - 0x00007ffafc920000 	C:\WINDOWS\System32\IMM32.DLL
0x00007ffabe060000 - 0x00007ffabe0fd000 	C:\Users\h\Documents\andriod\jre\bin\msvcp140.dll
0x00007ffaa3da0000 - 0x00007ffaa4875000 	C:\Users\h\Documents\andriod\jre\bin\server\jvm.dll
0x00007ffafbb50000 - 0x00007ffafbbfe000 	C:\WINDOWS\System32\ADVAPI32.dll
0x00007ffafc0c0000 - 0x00007ffafc15c000 	C:\WINDOWS\System32\sechost.dll
0x00007ffafb540000 - 0x00007ffafb665000 	C:\WINDOWS\System32\RPCRT4.dll
0x00007ffafd2f0000 - 0x00007ffafd2f8000 	C:\WINDOWS\System32\PSAPI.DLL
0x00007ffaf9280000 - 0x00007ffaf9289000 	C:\WINDOWS\SYSTEM32\WSOCK32.dll
0x00007ffafd300000 - 0x00007ffafd36b000 	C:\WINDOWS\System32\WS2_32.dll
0x00007ffae6360000 - 0x00007ffae6387000 	C:\WINDOWS\SYSTEM32\WINMM.dll
0x00007ffaefcc0000 - 0x00007ffaefcca000 	C:\WINDOWS\SYSTEM32\VERSION.dll
0x00007ffaf9610000 - 0x00007ffaf9622000 	C:\WINDOWS\SYSTEM32\kernel.appcore.dll
0x00007ffad1760000 - 0x00007ffad1771000 	C:\Users\h\Documents\andriod\jre\bin\verify.dll
0x00007ffaf9070000 - 0x00007ffaf9254000 	C:\WINDOWS\SYSTEM32\DBGHELP.DLL
0x00007ffae47f0000 - 0x00007ffae481c000 	C:\WINDOWS\SYSTEM32\dbgcore.DLL
0x00007ffafb3d0000 - 0x00007ffafb452000 	C:\WINDOWS\System32\bcryptPrimitives.dll
0x00007ffad15d0000 - 0x00007ffad15f9000 	C:\Users\h\Documents\andriod\jre\bin\java.dll
0x00007ffaf2b70000 - 0x00007ffaf2b7b000 	C:\Users\h\Documents\andriod\jre\bin\jimage.dll
0x00007fface3a0000 - 0x00007fface3b8000 	C:\Users\h\Documents\andriod\jre\bin\zip.dll
0x00007ffafc920000 - 0x00007ffafd064000 	C:\WINDOWS\System32\SHELL32.dll
0x00007ffaf8810000 - 0x00007ffaf8fa4000 	C:\WINDOWS\SYSTEM32\windows.storage.dll
0x00007ffafb7f0000 - 0x00007ffafbb45000 	C:\WINDOWS\System32\combase.dll
0x00007ffafa4a0000 - 0x00007ffafa4ce000 	C:\WINDOWS\SYSTEM32\Wldp.dll
0x00007ffafd070000 - 0x00007ffafd11d000 	C:\WINDOWS\System32\SHCORE.dll
0x00007ffafd370000 - 0x00007ffafd3c5000 	C:\WINDOWS\System32\shlwapi.dll
0x00007ffafaa60000 - 0x00007ffafaa7f000 	C:\WINDOWS\SYSTEM32\profapi.dll

dbghelp: loaded successfully - version: 4.0.5 - missing functions: none
symbol engine: initialized successfully - sym options: 0x614 - pdb path: .;C:\Users\h\Documents\andriod\jre\bin;C:\WINDOWS\SYSTEM32;C:\WINDOWS\WinSxS\amd64_microsoft.windows.common-controls_6595b64144ccf1df_6.0.19041.1110_none_60b5254171f9507e;C:\Users\h\Documents\andriod\jre\bin\server

VM Arguments:
java_command: <unknown>
java_class_path (initial): <not set>
Launcher Type: SUN_STANDARD

[Global flags]
     intx CICompilerCount                          = 2                                         {product} {ergonomic}
     uint ConcGCThreads                            = 1                                         {product} {ergonomic}
     uint G1ConcRefinementThreads                  = 2                                         {product} {ergonomic}
   size_t G1HeapRegionSize                         = 1048576                                   {product} {ergonomic}
    uintx GCDrainStackTargetSize                   = 64                                        {product} {ergonomic}
   size_t InitialHeapSize                          = 67108864                                  {product} {ergonomic}
   size_t MarkStackSize                            = 4194304                                   {product} {ergonomic}
   size_t MaxHeapSize                              = 1050673152                                {product} {ergonomic}
   size_t MaxNewSize                               = 630194176                                 {product} {ergonomic}
   size_t MinHeapDeltaBytes                        = 1048576                                   {product} {ergonomic}
    uintx NonNMethodCodeHeapSize                   = 5825164                                {pd product} {ergonomic}
    uintx NonProfiledCodeHeapSize                  = 122916538                              {pd product} {ergonomic}
    uintx ProfiledCodeHeapSize                     = 122916538                              {pd product} {ergonomic}
    uintx ReservedCodeCacheSize                    = 251658240                              {pd product} {ergonomic}
     bool SegmentedCodeCache                       = true                                      {product} {ergonomic}
     bool UseCompressedClassPointers               = true                                 {lp64_product} {ergonomic}
     bool UseCompressedOops                        = true                                 {lp64_product} {ergonomic}
     bool UseG1GC                                  = true                                      {product} {ergonomic}
     bool UseLargePagesIndividualAllocation        = false                                  {pd product} {ergonomic}

Logging:
Log output configuration:
 #0: stdout all=warning uptime,level,tags
 #1: stderr all=off uptime,level,tags

Environment Variables:
PATH=C:\Program Files (x86)\Common Files\Intel\Shared Files\cpp\bin\Intel64;C:\WINDOWS\system32;C:\WINDOWS;C:\WINDOWS\System32\Wbem;C:\WINDOWS\System32\WindowsPowerShell\v1.0\;C:\WINDOWS\System32\OpenSSH\;C:\MinGW\bin;C:\Users\h\Documents\flutter\bin;%ANDROID_HOME%\platform-tools;%ANDROID_HOME%\tools;C:\Users\h\AppData\Local\Microsoft\WindowsApps;C:\Users\h\AppData\Local\Programs\Microsoft VS Code\bin;clear;C:\Users\h\Documents\flutter\bin;%ANDROID_HOME%\platform-tools;%ANDROID_HOME%\tools;C:\Users\h\AppData\Local\Android\Sdk\emulator;;C:\Users\h\Documents\flutter\bin\mingit\cmd
USERNAME=h
LANG=en_US.UTF-8
OS=Windows_NT
PROCESSOR_IDENTIFIER=Intel64 Family 6 Model 76 Stepping 4, GenuineIntel



---------------  S Y S T E M  ---------------

OS: Windows 10 , 64 bit Build 19041 (10.0.19041.1503)
OS uptime: 0 days 1:09 hours

CPU:total 2 (initial active 2) (2 cores per cpu, 1 threads per core) family 6 model 76 stepping 4 microcode 0x411, cmov, cx8, fxsr, mmx, sse, sse2, sse3, ssse3, sse4.1, sse4.2, popcnt, aes, clmul, erms, 3dnowpref, tsc, tscinvbit

Memory: 4k page, system-wide physical 4001M (286M free)
TotalPageFile size 6225M (AvailPageFile size 0M)
current process WorkingSet (physical memory assigned to process): 23M, peak: 23M
current process commit charge ("private bytes"): 121M, peak: 121M

vm_info: OpenJDK 64-Bit Server VM (11.0.11+9-b60-7590822) for windows-amd64 JRE (11.0.11+9-b60-7590822), built on Jul 29 2021 21:43:44 by "builder" with MS VC++ 14.0 (VS2015)

END.
