#
# There is insufficient memory for the Java Runtime Environment to continue.
# Native memory allocation (mmap) failed to map 16777216 bytes for Failed to commit area from 0x00000000a4d00000 to 0x00000000a5d00000 of length 16777216.
# Possible reasons:
#   The system is out of physical RAM or swap space
#   The process is running with CompressedOops enabled, and the Java Heap may be blocking the growth of the native heap
# Possible solutions:
#   Reduce memory load on the system
#   Increase physical memory or swap space
#   Check if swap backing store is full
#   Decrease Java heap size (-Xmx/-Xms)
#   Decrease number of Java threads
#   Decrease Java thread stack sizes (-Xss)
#   Set larger code cache with -XX:ReservedCodeCacheSize=
#   JVM is running with Unscaled Compressed Oops mode in which the Java heap is
#     placed in the first 4GB address space. The Java Heap base address is the
#     maximum limit for the native heap growth. Please use -XX:HeapBaseMinAddress
#     to set the Java Heap base and to place the Java Heap above 4GB virtual address.
# This output file may be truncated or incomplete.
#
#  Out of Memory Error (./src/hotspot/os/windows/os_windows.cpp:3301), pid=5412, tid=10916
#
# JRE version: OpenJDK Runtime Environment (11.0.11+9) (build 11.0.11+9-b60-7590822)
# Java VM: OpenJDK 64-Bit Server VM (11.0.11+9-b60-7590822, mixed mode, tiered, compressed oops, g1 gc, windows-amd64)
# No core dump will be written. Minidumps are not enabled by default on client versions of Windows
#

---------------  S U M M A R Y ------------

Command Line: --add-opens=java.base/java.util=ALL-UNNAMED --add-opens=java.base/java.lang=ALL-UNNAMED --add-opens=java.base/java.lang.invoke=ALL-UNNAMED --add-opens=java.prefs/java.util.prefs=ALL-UNNAMED -Xmx1536M -Dfile.encoding=windows-1252 -Duser.country=US -Duser.language=en -Duser.variant org.gradle.launcher.daemon.bootstrap.GradleDaemon 6.7

Host: Intel(R) Celeron(R) CPU  N3060  @ 1.60GHz, 2 cores, 3G,  Windows 10 , 64 bit Build 19041 (10.0.19041.1503)
Time: Mon Feb 14 15:52:30 2022 W. Central Africa Standard Time elapsed time: 177.494252 seconds (0d 0h 2m 57s)

---------------  T H R E A D  ---------------

Current thread (0x0000021e49684800):  VMThread "VM Thread" [stack: 0x000000c6bb500000,0x000000c6bb600000] [id=10916]

Stack: [0x000000c6bb500000,0x000000c6bb600000]
[error occurred during error reporting (printing stack bounds), id 0xc0000005, EXCEPTION_ACCESS_VIOLATION (0xc0000005) at pc=0x0000021e33de0f3d]

Native frames: (J=compiled Java code, j=interpreted, Vv=VM code, C=native code)
V  [jvm.dll+0x5f214a]
V  [jvm.dll+0x726fb5]
V  [jvm.dll+0x7285cd]
V  [jvm.dll+0x728be5]
V  [jvm.dll+0x728b9b]
V  [jvm.dll+0x5f14e8]
V  [jvm.dll+0x5f1c78]
C  [ntdll.dll+0xa20cf]
C  [ntdll.dll+0x51454]
C  [ntdll.dll+0xa0bfe]
C  0x0000021e33de0f3d

VM_Operation (0x000000c6bc9ed920): G1CollectForAllocation, mode: safepoint, requested by thread 0x0000021e4b039800


---------------  P R O C E S S  ---------------

Threads class SMR info:
_java_thread_list=0x0000021e4c1f2f30, length=146, elements={
0x0000021e302dd000, 0x0000021e496a8000, 0x0000021e496a9800, 0x0000021e4970a800,
0x0000021e4970d800, 0x0000021e4970f000, 0x0000021e49712000, 0x0000021e49880000,
0x0000021e4973b000, 0x0000021e4997e800, 0x0000021e4af58800, 0x0000021e4ab73800,
0x0000021e4a97b800, 0x0000021e4ab74800, 0x0000021e4a344000, 0x0000021e4b8ac000,
0x0000021e4b039800, 0x0000021e4ac8e800, 0x0000021e4ac8c800, 0x0000021e4ac8d800,
0x0000021e4ac8f000, 0x0000021e4ac90000, 0x0000021e4ac91000, 0x0000021e4ac91800,
0x0000021e4ac8c000, 0x0000021e4ac92800, 0x0000021e4e5bb800, 0x0000021e4e5b6800,
0x0000021e4e5b7800, 0x0000021e4e5b5800, 0x0000021e4e5be000, 0x0000021e4e5ba000,
0x0000021e4e5b8000, 0x0000021e4e5be800, 0x0000021e4e5b9000, 0x0000021e4e5bf800,
0x0000021e4e5c0800, 0x0000021e4e5ba800, 0x0000021e4e5c1000, 0x0000021e4e5c4800,
0x0000021e4e5c3800, 0x0000021e4e5c2000, 0x0000021e4e5c2800, 0x0000021e4c192000,
0x0000021e4c191000, 0x0000021e4c18e000, 0x0000021e4c18c800, 0x0000021e4c18e800,
0x0000021e4c193000, 0x0000021e4c18f800, 0x0000021e4c190800, 0x0000021e4c18d000,
0x0000021e4c199800, 0x0000021e4c194800, 0x0000021e4c196000, 0x0000021e4c195800,
0x0000021e4c197000, 0x0000021e4c197800, 0x0000021e4c198800, 0x0000021e4c193800,
0x0000021e4c19a000, 0x0000021e4c19b000, 0x0000021e4e4f0000, 0x0000021e4e4ef000,
0x0000021e4e4f1800, 0x0000021e4e4f4800, 0x0000021e4e4f3000, 0x0000021e4e4f2000,
0x0000021e4e4f6800, 0x0000021e4e4f5800, 0x0000021e4e4f4000, 0x0000021e4e4f0800,
0x0000021e4e4fa800, 0x0000021e4e4f8800, 0x0000021e4e4f9800, 0x0000021e4e4fd000,
0x0000021e4e4f8000, 0x0000021e4e4fb000, 0x0000021e4e4fc000, 0x0000021e4e4f7000,
0x0000021e4e4fd800, 0x0000021e4bba9800, 0x0000021e4bba9000, 0x0000021e4bbaa800,
0x0000021e4bba5000, 0x0000021e4bbab800, 0x0000021e4bba5800, 0x0000021e4bba8000,
0x0000021e4bbac000, 0x0000021e4bba6800, 0x0000021e4bbad000, 0x0000021e4bba7800,
0x0000021e4bbb3800, 0x0000021e4bbb0000, 0x0000021e4bbb1000, 0x0000021e4bbb2800,
0x0000021e4bbb2000, 0x0000021e4bbae000, 0x0000021e4bbae800, 0x0000021e4bbaf800,
0x0000021e4c013800, 0x0000021e4c018800, 0x0000021e4c015000, 0x0000021e4c017800,
0x0000021e4c016000, 0x0000021e4c014000, 0x0000021e4c012800, 0x0000021e4c01a000,
0x0000021e4c01c800, 0x0000021e4c01a800, 0x0000021e4c016800, 0x0000021e4c01b800,
0x0000021e4c01f000, 0x0000021e4c01e000, 0x0000021e4c01d000, 0x0000021e4c019000,
0x0000021e4c01f800, 0x0000021e4c020800, 0x0000021e4c021800, 0x0000021e4e0f0800,
0x0000021e4e0f3000, 0x0000021e4e0ef800, 0x0000021e4e0f1000, 0x0000021e4e0f2000,
0x0000021e4e0f3800, 0x0000021e4e0f4800, 0x0000021e4e0ef000, 0x0000021e4e0f5800,
0x0000021e4e0fa000, 0x0000021e4e0f8800, 0x0000021e4e0fb000, 0x0000021e4e0f6000,
0x0000021e4e0fc800, 0x0000021e4e0f9800, 0x0000021e4e0fc000, 0x0000021e4e0f7000,
0x0000021e4e0fd800, 0x0000021e4e0f7800, 0x0000021e4c418800, 0x0000021e4c415800,
0x0000021e4c417000, 0x0000021e4c419800, 0x0000021e4c41b000, 0x0000021e4c417800,
0x0000021e4c41a000, 0x0000021e4c41c000
}

Java Threads: ( => current thread )
  0x0000021e302dd000 JavaThread "main" [_thread_blocked, id=7228, stack(0x000000c6bae00000,0x000000c6baf00000)]
  0x0000021e496a8000 JavaThread "Reference Handler" daemon [_thread_blocked, id=6464, stack(0x000000c6bb600000,0x000000c6bb700000)]
  0x0000021e496a9800 JavaThread "Finalizer" daemon [_thread_blocked, id=11116, stack(0x000000c6bb700000,0x000000c6bb800000)]
  0x0000021e4970a800 JavaThread "Signal Dispatcher" daemon [_thread_blocked, id=10428, stack(0x000000c6bb800000,0x000000c6bb900000)]
  0x0000021e4970d800 JavaThread "Attach Listener" daemon [_thread_blocked, id=8868, stack(0x000000c6bb900000,0x000000c6bba00000)]
  0x0000021e4970f000 JavaThread "Service Thread" daemon [_thread_blocked, id=8744, stack(0x000000c6bba00000,0x000000c6bbb00000)]
  0x0000021e49712000 JavaThread "C2 CompilerThread0" daemon [_thread_in_native, id=9740, stack(0x000000c6bbb00000,0x000000c6bbc00000)]
  0x0000021e49880000 JavaThread "C1 CompilerThread0" daemon [_thread_blocked, id=10252, stack(0x000000c6bbc00000,0x000000c6bbd00000)]
  0x0000021e4973b000 JavaThread "Sweeper thread" daemon [_thread_blocked, id=6220, stack(0x000000c6bbd00000,0x000000c6bbe00000)]
  0x0000021e4997e800 JavaThread "Common-Cleaner" daemon [_thread_blocked, id=8944, stack(0x000000c6bbe00000,0x000000c6bbf00000)]
  0x0000021e4af58800 JavaThread "Daemon health stats" [_thread_blocked, id=6256, stack(0x000000c6bad00000,0x000000c6bae00000)]
  0x0000021e4ab73800 JavaThread "Incoming local TCP Connector on port 59086" [_thread_in_native, id=9652, stack(0x000000c6bc400000,0x000000c6bc500000)]
  0x0000021e4a97b800 JavaThread "Daemon periodic checks" [_thread_blocked, id=10988, stack(0x000000c6bc500000,0x000000c6bc600000)]
  0x0000021e4ab74800 JavaThread "Daemon" [_thread_blocked, id=7084, stack(0x000000c6bc600000,0x000000c6bc700000)]
  0x0000021e4a344000 JavaThread "Handler for socket connection from /127.0.0.1:59086 to /127.0.0.1:59087" [_thread_in_native, id=7860, stack(0x000000c6bc700000,0x000000c6bc800000)]
  0x0000021e4b8ac000 JavaThread "Cancel handler" [_thread_blocked, id=9356, stack(0x000000c6bc800000,0x000000c6bc900000)]
  0x0000021e4b039800 JavaThread "Daemon worker" [_thread_blocked, id=5900, stack(0x000000c6bc900000,0x000000c6bca00000)]
  0x0000021e4ac8e800 JavaThread "Asynchronous log dispatcher for DefaultDaemonConnection: socket connection from /127.0.0.1:59086 to /127.0.0.1:59087" [_thread_blocked, id=6132, stack(0x000000c6bca00000,0x000000c6bcb00000)]
  0x0000021e4ac8c800 JavaThread "Stdin handler" [_thread_blocked, id=9568, stack(0x000000c6bcb00000,0x000000c6bcc00000)]
  0x0000021e4ac8d800 JavaThread "Thread-8" [_thread_blocked, id=8496, stack(0x000000c6bcc00000,0x000000c6bcd00000)]
  0x0000021e4ac8f000 JavaThread "Cache worker for file hash cache (C:\Users\h\.gradle\caches\6.7\fileHashes)" [_thread_blocked, id=1340, stack(0x000000c6bcd00000,0x000000c6bce00000)]
  0x0000021e4ac90000 JavaThread "File lock request listener" [_thread_in_native, id=500, stack(0x000000c6bce00000,0x000000c6bcf00000)]
  0x0000021e4ac91000 JavaThread "Cache worker for journal cache (C:\Users\h\.gradle\caches\journal-1)" [_thread_blocked, id=2636, stack(0x000000c6bcf00000,0x000000c6bd000000)]
  0x0000021e4ac91800 JavaThread "Cache worker for file hash cache (C:\Users\h\Desktop\flutter_multiscreen_app\android\.gradle\6.7\fileHashes)" [_thread_blocked, id=8200, stack(0x000000c6bd000000,0x000000c6bd100000)]
  0x0000021e4ac8c000 JavaThread "Cache worker for checksums cache (C:\Users\h\Desktop\flutter_multiscreen_app\android\.gradle\checksums)" [_thread_blocked, id=9696, stack(0x000000c6bd100000,0x000000c6bd200000)]
  0x0000021e4ac92800 JavaThread "Cache worker for cache directory md-supplier (C:\Users\h\.gradle\caches\6.7\md-supplier)" [_thread_blocked, id=8412, stack(0x000000c6bd200000,0x000000c6bd300000)]
  0x0000021e4e5bb800 JavaThread "Cache worker for cache directory md-rule (C:\Users\h\.gradle\caches\6.7\md-rule)" [_thread_blocked, id=4192, stack(0x000000c6bd300000,0x000000c6bd400000)]
  0x0000021e4e5b6800 JavaThread "Cache worker for execution history cache (C:\Users\h\.gradle\caches\6.7\executionHistory)" [_thread_blocked, id=8564, stack(0x000000c6bd400000,0x000000c6bd500000)]
  0x0000021e4e5b7800 JavaThread "jar transforms" [_thread_blocked, id=5296, stack(0x000000c6bd500000,0x000000c6bd600000)]
  0x0000021e4e5b5800 JavaThread "Cache worker for file content cache (C:\Users\h\.gradle\caches\6.7\fileContent)" [_thread_blocked, id=1228, stack(0x000000c6bd600000,0x000000c6bd700000)]
  0x0000021e4e5be000 JavaThread "Cache worker for Build Output Cleanup Cache (C:\Users\h\Desktop\flutter_multiscreen_app\android\.gradle\buildOutputCleanup)" [_thread_blocked, id=11348, stack(0x000000c6bd700000,0x000000c6bd800000)]
  0x0000021e4e5ba000 JavaThread "Build operations" [_thread_blocked, id=11604, stack(0x000000c6baf00000,0x000000c6bb000000)]
  0x0000021e4e5b8000 JavaThread "Build operations Thread 2" [_thread_blocked, id=11608, stack(0x000000c6bc100000,0x000000c6bc200000)]
  0x0000021e4e5be800 JavaThread "jar transforms Thread 2" [_thread_blocked, id=11612, stack(0x000000c6bd800000,0x000000c6bd900000)]
  0x0000021e4e5b9000 JavaThread "jar transforms Thread 3" [_thread_blocked, id=11616, stack(0x000000c6bd900000,0x000000c6bda00000)]
  0x0000021e4e5bf800 JavaThread "jar transforms Thread 4" [_thread_blocked, id=11620, stack(0x000000c6bda00000,0x000000c6bdb00000)]
  0x0000021e4e5c0800 JavaThread "jar transforms Thread 5" [_thread_blocked, id=11628, stack(0x000000c6bdb00000,0x000000c6bdc00000)]
  0x0000021e4e5ba800 JavaThread "jar transforms Thread 6" [_thread_blocked, id=11632, stack(0x000000c6bdc00000,0x000000c6bdd00000)]
  0x0000021e4e5c1000 JavaThread "jar transforms Thread 7" [_thread_blocked, id=11636, stack(0x000000c6bdd00000,0x000000c6bde00000)]
  0x0000021e4e5c4800 JavaThread "jar transforms Thread 8" [_thread_blocked, id=11640, stack(0x000000c6bde00000,0x000000c6bdf00000)]
  0x0000021e4e5c3800 JavaThread "jar transforms Thread 9" [_thread_blocked, id=11644, stack(0x000000c6bdf00000,0x000000c6be000000)]
  0x0000021e4e5c2000 JavaThread "jar transforms Thread 10" [_thread_blocked, id=11648, stack(0x000000c6be000000,0x000000c6be100000)]
  0x0000021e4e5c2800 JavaThread "jar transforms Thread 11" [_thread_blocked, id=11660, stack(0x000000c6be100000,0x000000c6be200000)]
  0x0000021e4c192000 JavaThread "jar transforms Thread 12" [_thread_blocked, id=11664, stack(0x000000c6be200000,0x000000c6be300000)]
  0x0000021e4c191000 JavaThread "jar transforms Thread 13" [_thread_blocked, id=11668, stack(0x000000c6be300000,0x000000c6be400000)]
  0x0000021e4c18e000 JavaThread "jar transforms Thread 14" [_thread_blocked, id=11676, stack(0x000000c6be400000,0x000000c6be500000)]
  0x0000021e4c18c800 JavaThread "jar transforms Thread 15" [_thread_blocked, id=11688, stack(0x000000c6be500000,0x000000c6be600000)]
  0x0000021e4c18e800 JavaThread "jar transforms Thread 16" [_thread_blocked, id=11696, stack(0x000000c6be600000,0x000000c6be700000)]
  0x0000021e4c193000 JavaThread "jar transforms Thread 17" [_thread_blocked, id=11700, stack(0x000000c6be700000,0x000000c6be800000)]
  0x0000021e4c18f800 JavaThread "jar transforms Thread 18" [_thread_blocked, id=11708, stack(0x000000c6be800000,0x000000c6be900000)]
  0x0000021e4c190800 JavaThread "jar transforms Thread 19" [_thread_blocked, id=11712, stack(0x000000c6be900000,0x000000c6bea00000)]
  0x0000021e4c18d000 JavaThread "jar transforms Thread 20" [_thread_blocked, id=11716, stack(0x000000c6bea00000,0x000000c6beb00000)]
  0x0000021e4c199800 JavaThread "jar transforms Thread 21" [_thread_blocked, id=11720, stack(0x000000c6beb00000,0x000000c6bec00000)]
  0x0000021e4c194800 JavaThread "jar transforms Thread 22" [_thread_blocked, id=11724, stack(0x000000c6bec00000,0x000000c6bed00000)]
  0x0000021e4c196000 JavaThread "jar transforms Thread 23" [_thread_blocked, id=11728, stack(0x000000c6bed00000,0x000000c6bee00000)]
  0x0000021e4c195800 JavaThread "jar transforms Thread 24" [_thread_blocked, id=11732, stack(0x000000c6bee00000,0x000000c6bef00000)]
  0x0000021e4c197000 JavaThread "jar transforms Thread 25" [_thread_blocked, id=11736, stack(0x000000c6bef00000,0x000000c6bf000000)]
  0x0000021e4c197800 JavaThread "jar transforms Thread 26" [_thread_blocked, id=11740, stack(0x000000c6bf000000,0x000000c6bf100000)]
  0x0000021e4c198800 JavaThread "jar transforms Thread 27" [_thread_blocked, id=11744, stack(0x000000c6bf100000,0x000000c6bf200000)]
  0x0000021e4c193800 JavaThread "jar transforms Thread 28" [_thread_blocked, id=11748, stack(0x000000c6bf200000,0x000000c6bf300000)]
  0x0000021e4c19a000 JavaThread "jar transforms Thread 29" [_thread_blocked, id=11752, stack(0x000000c6bf300000,0x000000c6bf400000)]
  0x0000021e4c19b000 JavaThread "jar transforms Thread 30" [_thread_blocked, id=11756, stack(0x000000c6bf400000,0x000000c6bf500000)]
  0x0000021e4e4f0000 JavaThread "jar transforms Thread 31" [_thread_blocked, id=11780, stack(0x000000c6bf500000,0x000000c6bf600000)]
  0x0000021e4e4ef000 JavaThread "jar transforms Thread 32" [_thread_blocked, id=11784, stack(0x000000c6bf600000,0x000000c6bf700000)]
  0x0000021e4e4f1800 JavaThread "jar transforms Thread 33" [_thread_blocked, id=11788, stack(0x000000c6bf700000,0x000000c6bf800000)]
  0x0000021e4e4f4800 JavaThread "jar transforms Thread 34" [_thread_blocked, id=11792, stack(0x000000c6bf800000,0x000000c6bf900000)]
  0x0000021e4e4f3000 JavaThread "jar transforms Thread 35" [_thread_blocked, id=11796, stack(0x000000c6bf900000,0x000000c6bfa00000)]
  0x0000021e4e4f2000 JavaThread "jar transforms Thread 36" [_thread_blocked, id=11800, stack(0x000000c6bfa00000,0x000000c6bfb00000)]
  0x0000021e4e4f6800 JavaThread "jar transforms Thread 37" [_thread_blocked, id=11812, stack(0x000000c6bfb00000,0x000000c6bfc00000)]
  0x0000021e4e4f5800 JavaThread "jar transforms Thread 38" [_thread_blocked, id=11816, stack(0x000000c6bfc00000,0x000000c6bfd00000)]
  0x0000021e4e4f4000 JavaThread "jar transforms Thread 39" [_thread_blocked, id=11820, stack(0x000000c6bfd00000,0x000000c6bfe00000)]
  0x0000021e4e4f0800 JavaThread "jar transforms Thread 40" [_thread_blocked, id=11836, stack(0x000000c6bfe00000,0x000000c6bff00000)]
  0x0000021e4e4fa800 JavaThread "jar transforms Thread 41" [_thread_blocked, id=11844, stack(0x000000c6bff00000,0x000000c6c0000000)]
  0x0000021e4e4f8800 JavaThread "jar transforms Thread 42" [_thread_blocked, id=11848, stack(0x000000c6c0000000,0x000000c6c0100000)]
  0x0000021e4e4f9800 JavaThread "jar transforms Thread 43" [_thread_blocked, id=11860, stack(0x000000c6c0100000,0x000000c6c0200000)]
  0x0000021e4e4fd000 JavaThread "jar transforms Thread 44" [_thread_blocked, id=11864, stack(0x000000c6c0200000,0x000000c6c0300000)]
  0x0000021e4e4f8000 JavaThread "jar transforms Thread 45" [_thread_blocked, id=11876, stack(0x000000c6c0300000,0x000000c6c0400000)]
  0x0000021e4e4fb000 JavaThread "jar transforms Thread 46" [_thread_blocked, id=11884, stack(0x000000c6c0400000,0x000000c6c0500000)]
  0x0000021e4e4fc000 JavaThread "jar transforms Thread 47" [_thread_blocked, id=11888, stack(0x000000c6c0500000,0x000000c6c0600000)]
  0x0000021e4e4f7000 JavaThread "jar transforms Thread 48" [_thread_blocked, id=11904, stack(0x000000c6c0600000,0x000000c6c0700000)]
  0x0000021e4e4fd800 JavaThread "jar transforms Thread 49" [_thread_blocked, id=11908, stack(0x000000c6c0700000,0x000000c6c0800000)]
  0x0000021e4bba9800 JavaThread "jar transforms Thread 50" [_thread_blocked, id=11916, stack(0x000000c6c0800000,0x000000c6c0900000)]
  0x0000021e4bba9000 JavaThread "jar transforms Thread 51" [_thread_blocked, id=11920, stack(0x000000c6c0900000,0x000000c6c0a00000)]
  0x0000021e4bbaa800 JavaThread "jar transforms Thread 52" [_thread_blocked, id=11924, stack(0x000000c6c0a00000,0x000000c6c0b00000)]
  0x0000021e4bba5000 JavaThread "jar transforms Thread 53" [_thread_blocked, id=11928, stack(0x000000c6c0b00000,0x000000c6c0c00000)]
  0x0000021e4bbab800 JavaThread "jar transforms Thread 54" [_thread_blocked, id=11932, stack(0x000000c6c0c00000,0x000000c6c0d00000)]
  0x0000021e4bba5800 JavaThread "jar transforms Thread 55" [_thread_blocked, id=11936, stack(0x000000c6c0d00000,0x000000c6c0e00000)]
  0x0000021e4bba8000 JavaThread "jar transforms Thread 56" [_thread_blocked, id=11964, stack(0x000000c6c0e00000,0x000000c6c0f00000)]
  0x0000021e4bbac000 JavaThread "jar transforms Thread 57" [_thread_blocked, id=11972, stack(0x000000c6c0f00000,0x000000c6c1000000)]
  0x0000021e4bba6800 JavaThread "jar transforms Thread 58" [_thread_blocked, id=11980, stack(0x000000c6c1000000,0x000000c6c1100000)]
  0x0000021e4bbad000 JavaThread "jar transforms Thread 59" [_thread_blocked, id=11996, stack(0x000000c6c1100000,0x000000c6c1200000)]
  0x0000021e4bba7800 JavaThread "jar transforms Thread 60" [_thread_blocked, id=12000, stack(0x000000c6c1200000,0x000000c6c1300000)]
  0x0000021e4bbb3800 JavaThread "jar transforms Thread 61" [_thread_blocked, id=12004, stack(0x000000c6c1300000,0x000000c6c1400000)]
  0x0000021e4bbb0000 JavaThread "jar transforms Thread 62" [_thread_blocked, id=12016, stack(0x000000c6c1400000,0x000000c6c1500000)]
  0x0000021e4bbb1000 JavaThread "jar transforms Thread 63" [_thread_blocked, id=12020, stack(0x000000c6c1500000,0x000000c6c1600000)]
  0x0000021e4bbb2800 JavaThread "jar transforms Thread 64" [_thread_blocked, id=12024, stack(0x000000c6c1600000,0x000000c6c1700000)]
  0x0000021e4bbb2000 JavaThread "jar transforms Thread 65" [_thread_blocked, id=12028, stack(0x000000c6c1700000,0x000000c6c1800000)]
  0x0000021e4bbae000 JavaThread "jar transforms Thread 66" [_thread_blocked, id=12032, stack(0x000000c6c1800000,0x000000c6c1900000)]
  0x0000021e4bbae800 JavaThread "jar transforms Thread 67" [_thread_blocked, id=12036, stack(0x000000c6c1900000,0x000000c6c1a00000)]
  0x0000021e4bbaf800 JavaThread "jar transforms Thread 68" [_thread_blocked, id=12040, stack(0x000000c6c1a00000,0x000000c6c1b00000)]
  0x0000021e4c013800 JavaThread "jar transforms Thread 69" [_thread_blocked, id=12044, stack(0x000000c6c1b00000,0x000000c6c1c00000)]
  0x0000021e4c018800 JavaThread "jar transforms Thread 70" [_thread_blocked, id=12048, stack(0x000000c6c1c00000,0x000000c6c1d00000)]
  0x0000021e4c015000 JavaThread "jar transforms Thread 71" [_thread_blocked, id=12052, stack(0x000000c6c1d00000,0x000000c6c1e00000)]
  0x0000021e4c017800 JavaThread "jar transforms Thread 72" [_thread_blocked, id=12056, stack(0x000000c6c1e00000,0x000000c6c1f00000)]
  0x0000021e4c016000 JavaThread "jar transforms Thread 73" [_thread_blocked, id=12068, stack(0x000000c6c1f00000,0x000000c6c2000000)]
  0x0000021e4c014000 JavaThread "jar transforms Thread 74" [_thread_blocked, id=12096, stack(0x000000c6c2000000,0x000000c6c2100000)]
  0x0000021e4c012800 JavaThread "jar transforms Thread 75" [_thread_blocked, id=12100, stack(0x000000c6c2100000,0x000000c6c2200000)]
  0x0000021e4c01a000 JavaThread "jar transforms Thread 76" [_thread_blocked, id=12104, stack(0x000000c6c2200000,0x000000c6c2300000)]
  0x0000021e4c01c800 JavaThread "jar transforms Thread 77" [_thread_blocked, id=12108, stack(0x000000c6c2300000,0x000000c6c2400000)]
  0x0000021e4c01a800 JavaThread "jar transforms Thread 78" [_thread_blocked, id=12112, stack(0x000000c6c2400000,0x000000c6c2500000)]
  0x0000021e4c016800 JavaThread "jar transforms Thread 79" [_thread_blocked, id=12116, stack(0x000000c6c2500000,0x000000c6c2600000)]
  0x0000021e4c01b800 JavaThread "jar transforms Thread 80" [_thread_blocked, id=12120, stack(0x000000c6c2600000,0x000000c6c2700000)]
  0x0000021e4c01f000 JavaThread "jar transforms Thread 81" [_thread_blocked, id=12124, stack(0x000000c6c2700000,0x000000c6c2800000)]
  0x0000021e4c01e000 JavaThread "jar transforms Thread 82" [_thread_blocked, id=12128, stack(0x000000c6c2800000,0x000000c6c2900000)]
  0x0000021e4c01d000 JavaThread "jar transforms Thread 83" [_thread_blocked, id=12136, stack(0x000000c6c2900000,0x000000c6c2a00000)]
  0x0000021e4c019000 JavaThread "jar transforms Thread 84" [_thread_blocked, id=12144, stack(0x000000c6c2a00000,0x000000c6c2b00000)]
  0x0000021e4c01f800 JavaThread "jar transforms Thread 85" [_thread_blocked, id=12148, stack(0x000000c6c2b00000,0x000000c6c2c00000)]
  0x0000021e4c020800 JavaThread "jar transforms Thread 86" [_thread_blocked, id=12152, stack(0x000000c6c2c00000,0x000000c6c2d00000)]
  0x0000021e4c021800 JavaThread "jar transforms Thread 87" [_thread_blocked, id=12156, stack(0x000000c6c2d00000,0x000000c6c2e00000)]
  0x0000021e4e0f0800 JavaThread "jar transforms Thread 88" [_thread_blocked, id=12164, stack(0x000000c6c2e00000,0x000000c6c2f00000)]
  0x0000021e4e0f3000 JavaThread "jar transforms Thread 89" [_thread_blocked, id=12168, stack(0x000000c6c2f00000,0x000000c6c3000000)]
  0x0000021e4e0ef800 JavaThread "jar transforms Thread 90" [_thread_blocked, id=12172, stack(0x000000c6c3000000,0x000000c6c3100000)]
  0x0000021e4e0f1000 JavaThread "jar transforms Thread 91" [_thread_blocked, id=12176, stack(0x000000c6c3100000,0x000000c6c3200000)]
  0x0000021e4e0f2000 JavaThread "jar transforms Thread 92" [_thread_blocked, id=12180, stack(0x000000c6c3200000,0x000000c6c3300000)]
  0x0000021e4e0f3800 JavaThread "jar transforms Thread 93" [_thread_blocked, id=12184, stack(0x000000c6c3300000,0x000000c6c3400000)]
  0x0000021e4e0f4800 JavaThread "jar transforms Thread 94" [_thread_blocked, id=12188, stack(0x000000c6c3400000,0x000000c6c3500000)]
  0x0000021e4e0ef000 JavaThread "jar transforms Thread 95" [_thread_blocked, id=12192, stack(0x000000c6c3500000,0x000000c6c3600000)]
  0x0000021e4e0f5800 JavaThread "jar transforms Thread 96" [_thread_blocked, id=12196, stack(0x000000c6c3600000,0x000000c6c3700000)]
  0x0000021e4e0fa000 JavaThread "jar transforms Thread 97" [_thread_blocked, id=12232, stack(0x000000c6c3700000,0x000000c6c3800000)]
  0x0000021e4e0f8800 JavaThread "jar transforms Thread 98" [_thread_blocked, id=12240, stack(0x000000c6c3800000,0x000000c6c3900000)]
  0x0000021e4e0fb000 JavaThread "jar transforms Thread 99" [_thread_blocked, id=12244, stack(0x000000c6c3900000,0x000000c6c3a00000)]
  0x0000021e4e0f6000 JavaThread "jar transforms Thread 100" [_thread_blocked, id=12256, stack(0x000000c6c3a00000,0x000000c6c3b00000)]
  0x0000021e4e0fc800 JavaThread "jar transforms Thread 101" [_thread_blocked, id=12276, stack(0x000000c6c3b00000,0x000000c6c3c00000)]
  0x0000021e4e0f9800 JavaThread "jar transforms Thread 102" [_thread_blocked, id=12280, stack(0x000000c6c3c00000,0x000000c6c3d00000)]
  0x0000021e4e0fc000 JavaThread "jar transforms Thread 103" [_thread_blocked, id=12284, stack(0x000000c6c3d00000,0x000000c6c3e00000)]
  0x0000021e4e0f7000 JavaThread "jar transforms Thread 104" [_thread_blocked, id=11280, stack(0x000000c6c3e00000,0x000000c6c3f00000)]
  0x0000021e4e0fd800 JavaThread "jar transforms Thread 105" [_thread_blocked, id=11032, stack(0x000000c6c3f00000,0x000000c6c4000000)]
  0x0000021e4e0f7800 JavaThread "jar transforms Thread 106" [_thread_blocked, id=11276, stack(0x000000c6c4000000,0x000000c6c4100000)]
  0x0000021e4c418800 JavaThread "jar transforms Thread 107" [_thread_blocked, id=1412, stack(0x000000c6c4100000,0x000000c6c4200000)]
  0x0000021e4c415800 JavaThread "jar transforms Thread 108" [_thread_blocked, id=3844, stack(0x000000c6c4200000,0x000000c6c4300000)]
  0x0000021e4c417000 JavaThread "jar transforms Thread 109" [_thread_blocked, id=1352, stack(0x000000c6c4300000,0x000000c6c4400000)]
  0x0000021e4c419800 JavaThread "jar transforms Thread 110" [_thread_blocked, id=6816, stack(0x000000c6c4400000,0x000000c6c4500000)]
  0x0000021e4c41b000 JavaThread "jar transforms Thread 111" [_thread_blocked, id=6900, stack(0x000000c6c4500000,0x000000c6c4600000)]
  0x0000021e4c417800 JavaThread "jar transforms Thread 112" [_thread_blocked, id=11300, stack(0x000000c6c4600000,0x000000c6c4700000)]
  0x0000021e4c41a000 JavaThread "pool-1-thread-1" [_thread_blocked, id=12248, stack(0x000000c6c4700000,0x000000c6c4800000)]
  0x0000021e4c41c000 JavaThread "Memory manager" [_thread_blocked, id=8716, stack(0x000000c6c4800000,0x000000c6c4900000)]

Other Threads:
=>0x0000021e49684800 VMThread "VM Thread" [stack: 0x000000c6bb500000,0x000000c6bb600000] [id=10916]
  0x0000021e499b3800 WatcherThread [stack: 0x000000c6bbf00000,0x000000c6bc000000] [id=7472]
  0x0000021e302f2800 GCTaskThread "GC Thread#0" [stack: 0x000000c6bb000000,0x000000c6bb100000] [id=7872]
  0x0000021e49a52800 GCTaskThread "GC Thread#1" [stack: 0x000000c6bc000000,0x000000c6bc100000] [id=10964]
  0x0000021e3031b800 ConcurrentGCThread "G1 Main Marker" [stack: 0x000000c6bb100000,0x000000c6bb200000] [id=6272]
  0x0000021e3031c800 ConcurrentGCThread "G1 Conc#0" [stack: 0x000000c6bb200000,0x000000c6bb300000] [id=9140]
  0x0000021e3036d000 ConcurrentGCThread "G1 Refine#0" [stack: 0x000000c6bb300000,0x000000c6bb400000] [id=8036]
  0x0000021e3036e000 ConcurrentGCThread "G1 Young RemSet Sampling" [stack: 0x000000c6bb400000,0x000000c6bb500000] [id=7440]

Threads with active compile tasks:
C2 CompilerThread0 177599 5953       4       groovy.lang.MetaClassImpl::addMetaMethodToIndex (65 bytes)

VM state:at safepoint (normal execution)

VM Mutex/Monitor currently owned by a thread:  ([mutex/lock_event])
[0x0000021e302d90b0] Threads_lock - owner thread: 0x0000021e49684800
[0x0000021e302d8210] Heap_lock - owner thread: 0x0000021e4b039800

Heap address: 0x00000000a0000000, size: 1536 MB, Compressed Oops mode: 32-bit
Narrow klass base: 0x0000000000000000, Narrow klass shift: 3
Compressed class space size: 1073741824 Address: 0x0000000100000000

Heap:
 garbage-first heap   total 95232K, used 51091K [0x00000000a0000000, 0x0000000100000000)
  region size 1024K, 1 young (1024K), 1 survivors (1024K)
 Metaspace       used 60940K, capacity 62403K, committed 62464K, reserved 1103872K
  class space    used 7653K, capacity 8179K, committed 8192K, reserved 1048576K
Heap Regions: E=young(eden), S=young(survivor), O=old, HS=humongous(starts), HC=humongous(continues), CS=collection set, F=free, A=archive, TAMS=top-at-mark-start (previous, next)
|   0|0x00000000a0000000, 0x00000000a0100000, 0x00000000a0100000|100%| O|  |TAMS 0x00000000a0100000, 0x00000000a0000000| Untracked 
|   1|0x00000000a0100000, 0x00000000a0200000, 0x00000000a0200000|100%| O|  |TAMS 0x00000000a0200000, 0x00000000a0100000| Untracked 
|   2|0x00000000a0200000, 0x00000000a0300000, 0x00000000a0300000|100%| O|  |TAMS 0x00000000a0300000, 0x00000000a0200000| Untracked 
|   3|0x00000000a0300000, 0x00000000a0400000, 0x00000000a0400000|100%| O|  |TAMS 0x00000000a0400000, 0x00000000a0300000| Untracked 
|   4|0x00000000a0400000, 0x00000000a0500000, 0x00000000a0500000|100%|HS|  |TAMS 0x00000000a0500000, 0x00000000a0400000| Complete 
|   5|0x00000000a0500000, 0x00000000a0600000, 0x00000000a0600000|100%|HC|  |TAMS 0x00000000a0600000, 0x00000000a0500000| Complete 
|   6|0x00000000a0600000, 0x00000000a0700000, 0x00000000a0700000|100%|HC|  |TAMS 0x00000000a0700000, 0x00000000a0600000| Complete 
|   7|0x00000000a0700000, 0x00000000a0800000, 0x00000000a0800000|100%| O|  |TAMS 0x00000000a0800000, 0x00000000a0700000| Untracked 
|   8|0x00000000a0800000, 0x00000000a0900000, 0x00000000a0900000|100%| O|  |TAMS 0x00000000a0900000, 0x00000000a0800000| Untracked 
|   9|0x00000000a0900000, 0x00000000a0a00000, 0x00000000a0a00000|100%| O|  |TAMS 0x00000000a0a00000, 0x00000000a0900000| Untracked 
|  10|0x00000000a0a00000, 0x00000000a0b00000, 0x00000000a0b00000|100%| O|  |TAMS 0x00000000a0b00000, 0x00000000a0a00000| Untracked 
|  11|0x00000000a0b00000, 0x00000000a0c00000, 0x00000000a0c00000|100%| O|  |TAMS 0x00000000a0c00000, 0x00000000a0b00000| Untracked 
|  12|0x00000000a0c00000, 0x00000000a0d00000, 0x00000000a0d00000|100%| O|  |TAMS 0x00000000a0d00000, 0x00000000a0c00000| Untracked 
|  13|0x00000000a0d00000, 0x00000000a0e00000, 0x00000000a0e00000|100%| O|  |TAMS 0x00000000a0e00000, 0x00000000a0d00000| Untracked 
|  14|0x00000000a0e00000, 0x00000000a0f00000, 0x00000000a0f00000|100%| O|  |TAMS 0x00000000a0f00000, 0x00000000a0e00000| Untracked 
|  15|0x00000000a0f00000, 0x00000000a1000000, 0x00000000a1000000|100%| O|  |TAMS 0x00000000a1000000, 0x00000000a0f00000| Untracked 
|  16|0x00000000a1000000, 0x00000000a1100000, 0x00000000a1100000|100%| O|  |TAMS 0x00000000a1100000, 0x00000000a1000000| Untracked 
|  17|0x00000000a1100000, 0x00000000a1200000, 0x00000000a1200000|100%| O|  |TAMS 0x00000000a1200000, 0x00000000a1100000| Untracked 
|  18|0x00000000a1200000, 0x00000000a1300000, 0x00000000a1300000|100%| O|  |TAMS 0x00000000a1300000, 0x00000000a1200000| Untracked 
|  19|0x00000000a1300000, 0x00000000a1400000, 0x00000000a1400000|100%| O|  |TAMS 0x00000000a1400000, 0x00000000a1300000| Untracked 
|  20|0x00000000a1400000, 0x00000000a1500000, 0x00000000a1500000|100%| O|  |TAMS 0x00000000a1500000, 0x00000000a1400000| Untracked 
|  21|0x00000000a1500000, 0x00000000a1600000, 0x00000000a1600000|100%| O|  |TAMS 0x00000000a1600000, 0x00000000a1500000| Untracked 
|  22|0x00000000a1600000, 0x00000000a1700000, 0x00000000a1700000|100%| O|  |TAMS 0x00000000a1700000, 0x00000000a1600000| Untracked 
|  23|0x00000000a1700000, 0x00000000a1800000, 0x00000000a1800000|100%| O|  |TAMS 0x00000000a1800000, 0x00000000a1700000| Untracked 
|  24|0x00000000a1800000, 0x00000000a1900000, 0x00000000a1900000|100%| O|  |TAMS 0x00000000a1900000, 0x00000000a1800000| Untracked 
|  25|0x00000000a1900000, 0x00000000a1a00000, 0x00000000a1a00000|100%| O|  |TAMS 0x00000000a1a00000, 0x00000000a1900000| Untracked 
|  26|0x00000000a1a00000, 0x00000000a1b00000, 0x00000000a1b00000|100%| O|  |TAMS 0x00000000a1b00000, 0x00000000a1a00000| Untracked 
|  27|0x00000000a1b00000, 0x00000000a1c00000, 0x00000000a1c00000|100%|HS|  |TAMS 0x00000000a1c00000, 0x00000000a1b00000| Complete 
|  28|0x00000000a1c00000, 0x00000000a1d00000, 0x00000000a1d00000|100%| O|  |TAMS 0x00000000a1d00000, 0x00000000a1c00000| Untracked 
|  29|0x00000000a1d00000, 0x00000000a1e00000, 0x00000000a1e00000|100%|HS|  |TAMS 0x00000000a1e00000, 0x00000000a1d00000| Complete 
|  30|0x00000000a1e00000, 0x00000000a1f00000, 0x00000000a1f00000|100%|HC|  |TAMS 0x00000000a1f00000, 0x00000000a1e00000| Complete 
|  31|0x00000000a1f00000, 0x00000000a2000000, 0x00000000a2000000|100%|HC|  |TAMS 0x00000000a2000000, 0x00000000a1f00000| Complete 
|  32|0x00000000a2000000, 0x00000000a2100000, 0x00000000a2100000|100%| O|  |TAMS 0x00000000a2100000, 0x00000000a2000000| Untracked 
|  33|0x00000000a2100000, 0x00000000a2200000, 0x00000000a2200000|100%| O|  |TAMS 0x00000000a2200000, 0x00000000a2100000| Untracked 
|  34|0x00000000a2200000, 0x00000000a2300000, 0x00000000a2300000|100%| O|  |TAMS 0x00000000a2300000, 0x00000000a2200000| Untracked 
|  35|0x00000000a2300000, 0x00000000a2400000, 0x00000000a2400000|100%|HS|  |TAMS 0x00000000a2400000, 0x00000000a2300000| Complete 
|  36|0x00000000a2400000, 0x00000000a2500000, 0x00000000a2500000|100%|HC|  |TAMS 0x00000000a2500000, 0x00000000a2400000| Complete 
|  37|0x00000000a2500000, 0x00000000a2600000, 0x00000000a2600000|100%| O|  |TAMS 0x00000000a2600000, 0x00000000a2500000| Untracked 
|  38|0x00000000a2600000, 0x00000000a2700000, 0x00000000a2700000|100%| O|  |TAMS 0x00000000a2700000, 0x00000000a2600000| Untracked 
|  39|0x00000000a2700000, 0x00000000a2800000, 0x00000000a2800000|100%| O|  |TAMS 0x00000000a2800000, 0x00000000a2700000| Untracked 
|  40|0x00000000a2800000, 0x00000000a2900000, 0x00000000a2900000|100%| O|  |TAMS 0x00000000a2900000, 0x00000000a2800000| Untracked 
|  41|0x00000000a2900000, 0x00000000a2a00000, 0x00000000a2a00000|100%| O|  |TAMS 0x00000000a2a00000, 0x00000000a2900000| Untracked 
|  42|0x00000000a2a00000, 0x00000000a2b00000, 0x00000000a2b00000|100%| O|  |TAMS 0x00000000a2b00000, 0x00000000a2a00000| Untracked 
|  43|0x00000000a2b00000, 0x00000000a2c00000, 0x00000000a2c00000|100%| O|  |TAMS 0x00000000a2c00000, 0x00000000a2b00000| Untracked 
|  44|0x00000000a2c00000, 0x00000000a2d00000, 0x00000000a2d00000|100%| O|  |TAMS 0x00000000a2d00000, 0x00000000a2c00000| Untracked 
|  45|0x00000000a2d00000, 0x00000000a2e00000, 0x00000000a2e00000|100%| O|  |TAMS 0x00000000a2e00000, 0x00000000a2d00000| Untracked 
|  46|0x00000000a2e00000, 0x00000000a2f00000, 0x00000000a2f00000|100%| O|  |TAMS 0x00000000a2f00000, 0x00000000a2e00000| Untracked 
|  47|0x00000000a2f00000, 0x00000000a3000000, 0x00000000a3000000|100%| O|  |TAMS 0x00000000a2fbee00, 0x00000000a2f00000| Untracked 
|  48|0x00000000a3000000, 0x00000000a3100000, 0x00000000a3100000|100%| O|  |TAMS 0x00000000a3000000, 0x00000000a3000000| Untracked 
|  49|0x00000000a3100000, 0x00000000a3100000, 0x00000000a3200000|  0%| F|  |TAMS 0x00000000a3100000, 0x00000000a3100000| Untracked 
|  50|0x00000000a3200000, 0x00000000a3200000, 0x00000000a3300000|  0%| F|  |TAMS 0x00000000a3200000, 0x00000000a3200000| Untracked 
|  51|0x00000000a3300000, 0x00000000a3300000, 0x00000000a3400000|  0%| F|  |TAMS 0x00000000a3300000, 0x00000000a3300000| Untracked 
|  52|0x00000000a3400000, 0x00000000a3400000, 0x00000000a3500000|  0%| F|  |TAMS 0x00000000a3400000, 0x00000000a3400000| Untracked 
|  53|0x00000000a3500000, 0x00000000a3500000, 0x00000000a3600000|  0%| F|  |TAMS 0x00000000a3500000, 0x00000000a3500000| Untracked 
|  54|0x00000000a3600000, 0x00000000a3600000, 0x00000000a3700000|  0%| F|  |TAMS 0x00000000a3600000, 0x00000000a3600000| Untracked 
|  55|0x00000000a3700000, 0x00000000a3700000, 0x00000000a3800000|  0%| F|  |TAMS 0x00000000a3700000, 0x00000000a3700000| Untracked 
|  56|0x00000000a3800000, 0x00000000a3800000, 0x00000000a3900000|  0%| F|  |TAMS 0x00000000a3800000, 0x00000000a3800000| Untracked 
|  57|0x00000000a3900000, 0x00000000a3900000, 0x00000000a3a00000|  0%| F|  |TAMS 0x00000000a3900000, 0x00000000a3900000| Untracked 
|  58|0x00000000a3a00000, 0x00000000a3a00000, 0x00000000a3b00000|  0%| F|  |TAMS 0x00000000a3a00000, 0x00000000a3a00000| Untracked 
|  59|0x00000000a3b00000, 0x00000000a3b00000, 0x00000000a3c00000|  0%| F|  |TAMS 0x00000000a3b00000, 0x00000000a3b00000| Untracked 
|  60|0x00000000a3c00000, 0x00000000a3c00000, 0x00000000a3d00000|  0%| F|  |TAMS 0x00000000a3c00000, 0x00000000a3c00000| Untracked 
|  61|0x00000000a3d00000, 0x00000000a3d00000, 0x00000000a3e00000|  0%| F|  |TAMS 0x00000000a3d00000, 0x00000000a3d00000| Untracked 
|  62|0x00000000a3e00000, 0x00000000a3e00000, 0x00000000a3f00000|  0%| F|  |TAMS 0x00000000a3e00000, 0x00000000a3e00000| Untracked 
|  63|0x00000000a3f00000, 0x00000000a3f00000, 0x00000000a4000000|  0%| F|  |TAMS 0x00000000a3f00000, 0x00000000a3f00000| Untracked 
|  64|0x00000000a4000000, 0x00000000a40e4c58, 0x00000000a4100000| 89%| S|CS|TAMS 0x00000000a4000000, 0x00000000a4000000| Complete 
|  65|0x00000000a4100000, 0x00000000a4100000, 0x00000000a4200000|  0%| F|  |TAMS 0x00000000a4100000, 0x00000000a4100000| Untracked 
|  66|0x00000000a4200000, 0x00000000a4200000, 0x00000000a4300000|  0%| F|  |TAMS 0x00000000a4200000, 0x00000000a4200000| Untracked 
|  67|0x00000000a4300000, 0x00000000a4300000, 0x00000000a4400000|  0%| F|  |TAMS 0x00000000a4300000, 0x00000000a4300000| Untracked 
|  68|0x00000000a4400000, 0x00000000a4400000, 0x00000000a4500000|  0%| F|  |TAMS 0x00000000a4400000, 0x00000000a4400000| Untracked 
|  69|0x00000000a4500000, 0x00000000a4500000, 0x00000000a4600000|  0%| F|  |TAMS 0x00000000a4500000, 0x00000000a4500000| Untracked 
|  70|0x00000000a4600000, 0x00000000a4600000, 0x00000000a4700000|  0%| F|  |TAMS 0x00000000a4600000, 0x00000000a4600000| Untracked 
|  71|0x00000000a4700000, 0x00000000a4700000, 0x00000000a4800000|  0%| F|  |TAMS 0x00000000a4700000, 0x00000000a4700000| Untracked 
|  72|0x00000000a4800000, 0x00000000a4800000, 0x00000000a4900000|  0%| F|  |TAMS 0x00000000a4800000, 0x00000000a4800000| Untracked 
|  73|0x00000000a4900000, 0x00000000a4900000, 0x00000000a4a00000|  0%| F|  |TAMS 0x00000000a4900000, 0x00000000a4900000| Untracked 
|  74|0x00000000a4a00000, 0x00000000a4a00000, 0x00000000a4b00000|  0%| F|  |TAMS 0x00000000a4a00000, 0x00000000a4a00000| Untracked 
|  75|0x00000000a4b00000, 0x00000000a4b00000, 0x00000000a4c00000|  0%| F|  |TAMS 0x00000000a4b00000, 0x00000000a4b00000| Untracked 
|  76|0x00000000a4c00000, 0x00000000a4c00000, 0x00000000a4d00000|  0%| F|  |TAMS 0x00000000a4c00000, 0x00000000a4c00000| Untracked 

Card table byte_map: [0x0000021e434e0000,0x0000021e437e0000] _byte_map_base: 0x0000021e42fe0000

Marking Bits (Prev, Next): (CMBitMap*) 0x0000021e30314788, (CMBitMap*) 0x0000021e303147c0
 Prev Bits: [0x0000021e43ae0000, 0x0000021e452e0000)
 Next Bits: [0x0000021e452e0000, 0x0000021e46ae0000)

Polling page: 0x0000021e2e980000

Metaspace:

Usage:
  Non-class:     52.95 MB capacity,    52.04 MB ( 98%) used,   803.22 KB (  1%) free+waste,   134.00 KB ( <1%) overhead. 
      Class:      7.99 MB capacity,     7.47 MB ( 94%) used,   463.27 KB (  6%) free+waste,    62.50 KB ( <1%) overhead. 
       Both:     60.94 MB capacity,    59.51 MB ( 98%) used,     1.24 MB (  2%) free+waste,   196.50 KB ( <1%) overhead. 

Virtual space:
  Non-class space:       54.00 MB reserved,      53.00 MB ( 98%) committed 
      Class space:        1.00 GB reserved,       8.00 MB ( <1%) committed 
             Both:        1.05 GB reserved,      61.00 MB (  6%) committed 

Chunk freelists:
   Non-Class:  48.00 KB
       Class:  1.00 KB
        Both:  49.00 KB

MaxMetaspaceSize: 17179869184.00 GB
CompressedClassSpaceSize: 1.00 GB

CodeHeap 'non-profiled nmethods': size=120064Kb used=3239Kb max_used=3239Kb free=116824Kb
 bounds [0x0000021e3b8a0000, 0x0000021e3bbd0000, 0x0000021e42de0000]
CodeHeap 'profiled nmethods': size=120000Kb used=13623Kb max_used=13623Kb free=106376Kb
 bounds [0x0000021e34370000, 0x0000021e350c0000, 0x0000021e3b8a0000]
CodeHeap 'non-nmethods': size=5696Kb used=2226Kb max_used=2266Kb free=3469Kb
 bounds [0x0000021e33de0000, 0x0000021e34050000, 0x0000021e34370000]
 total_blobs=6819 nmethods=6005 adapters=726
 compilation: enabled
              stopped_count=0, restarted_count=0
 full_count=0

Compilation events (20 events):
Event: 177.384 Thread 0x0000021e49880000 6019       3       org.codehaus.groovy.util.LockableObject::unlock (7 bytes)
Event: 177.385 Thread 0x0000021e49880000 nmethod 6019 0x0000021e350b6810 code [0x0000021e350b69e0, 0x0000021e350b6cf8]
Event: 177.388 Thread 0x0000021e49880000 6020       3       groovyjarjarasm.asm.MethodWriter::visitInsn (115 bytes)
Event: 177.390 Thread 0x0000021e49880000 nmethod 6020 0x0000021e350b6e10 code [0x0000021e350b7000, 0x0000021e350b7488]
Event: 177.394 Thread 0x0000021e49880000 6021       3       org.codehaus.groovy.runtime.MetaClassHelper::getClassWithNullAndWrapper (28 bytes)
Event: 177.395 Thread 0x0000021e49880000 nmethod 6021 0x0000021e350b7610 code [0x0000021e350b77e0, 0x0000021e350b7c08]
Event: 177.399 Thread 0x0000021e49880000 6022       3       groovyjarjarasm.asm.Frame::pop (53 bytes)
Event: 177.401 Thread 0x0000021e49880000 nmethod 6022 0x0000021e350b7d10 code [0x0000021e350b7f60, 0x0000021e350b86f8]
Event: 177.406 Thread 0x0000021e49880000 6024       3       groovyjarjarasm.asm.SymbolTable::addTypeInternal (85 bytes)
Event: 177.407 Thread 0x0000021e49880000 nmethod 6024 0x0000021e350b8a10 code [0x0000021e350b8c00, 0x0000021e350b91f8]
Event: 177.408 Thread 0x0000021e49880000 6025       3       groovyjarjarasm.asm.Frame::getInputStackSize (6 bytes)
Event: 177.408 Thread 0x0000021e49880000 nmethod 6025 0x0000021e350b9390 code [0x0000021e350b9540, 0x0000021e350b9658]
Event: 177.408 Thread 0x0000021e49880000 6026       3       groovyjarjarasm.asm.Frame::push (59 bytes)
Event: 177.410 Thread 0x0000021e49880000 nmethod 6026 0x0000021e350b9710 code [0x0000021e350b9960, 0x0000021e350ba118]
Event: 177.411 Thread 0x0000021e49880000 6027       3       groovyjarjarasm.asm.ByteVector::putInt (74 bytes)
Event: 177.412 Thread 0x0000021e49880000 nmethod 6027 0x0000021e350ba490 code [0x0000021e350ba660, 0x0000021e350ba8a8]
Event: 177.425 Thread 0x0000021e49880000 6028       3       org.codehaus.groovy.util.LockableObject::lock (25 bytes)
Event: 177.427 Thread 0x0000021e49880000 nmethod 6028 0x0000021e350baa10 code [0x0000021e350bac80, 0x0000021e350bb678]
Event: 177.427 Thread 0x0000021e49880000 6029   !   2       jdk.internal.loader.URLClassPath$JarLoader::getResource (353 bytes)
Event: 177.432 Thread 0x0000021e49880000 nmethod 6029 0x0000021e350bba10 code [0x0000021e350bbd80, 0x0000021e350bce08]

GC Heap History (20 events):
Event: 167.849 GC heap after
{Heap after GC invocations=37 (full 0):
 garbage-first heap   total 65536K, used 44629K [0x00000000a0000000, 0x0000000100000000)
  region size 1024K, 1 young (1024K), 1 survivors (1024K)
 Metaspace       used 54170K, capacity 55349K, committed 55552K, reserved 1097728K
  class space    used 6858K, capacity 7310K, committed 7424K, reserved 1048576K
}
Event: 168.517 GC heap before
{Heap before GC invocations=37 (full 0):
 garbage-first heap   total 65536K, used 53845K [0x00000000a0000000, 0x0000000100000000)
  region size 1024K, 10 young (10240K), 1 survivors (1024K)
 Metaspace       used 54947K, capacity 56125K, committed 56320K, reserved 1097728K
  class space    used 6960K, capacity 7416K, committed 7424K, reserved 1048576K
}
Event: 168.525 GC heap after
{Heap after GC invocations=38 (full 0):
 garbage-first heap   total 65536K, used 45117K [0x00000000a0000000, 0x0000000100000000)
  region size 1024K, 2 young (2048K), 2 survivors (2048K)
 Metaspace       used 54947K, capacity 56125K, committed 56320K, reserved 1097728K
  class space    used 6960K, capacity 7416K, committed 7424K, reserved 1048576K
}
Event: 169.473 GC heap before
{Heap before GC invocations=39 (full 0):
 garbage-first heap   total 65536K, used 52285K [0x00000000a0000000, 0x0000000100000000)
  region size 1024K, 10 young (10240K), 2 survivors (2048K)
 Metaspace       used 55771K, capacity 57015K, committed 57216K, reserved 1099776K
  class space    used 7064K, capacity 7519K, committed 7552K, reserved 1048576K
}
Event: 169.483 GC heap after
{Heap after GC invocations=40 (full 0):
 garbage-first heap   total 65536K, used 45510K [0x00000000a0000000, 0x0000000100000000)
  region size 1024K, 2 young (2048K), 2 survivors (2048K)
 Metaspace       used 55771K, capacity 57015K, committed 57216K, reserved 1099776K
  class space    used 7064K, capacity 7519K, committed 7552K, reserved 1048576K
}
Event: 169.754 GC heap before
{Heap before GC invocations=40 (full 0):
 garbage-first heap   total 65536K, used 48582K [0x00000000a0000000, 0x0000000100000000)
  region size 1024K, 6 young (6144K), 2 survivors (2048K)
 Metaspace       used 56119K, capacity 57399K, committed 57600K, reserved 1099776K
  class space    used 7104K, capacity 7583K, committed 7680K, reserved 1048576K
}
Event: 169.763 GC heap after
{Heap after GC invocations=41 (full 0):
 garbage-first heap   total 65536K, used 45912K [0x00000000a0000000, 0x0000000100000000)
  region size 1024K, 2 young (2048K), 2 survivors (2048K)
 Metaspace       used 56119K, capacity 57399K, committed 57600K, reserved 1099776K
  class space    used 7104K, capacity 7583K, committed 7680K, reserved 1048576K
}
Event: 170.547 GC heap before
{Heap before GC invocations=42 (full 0):
 garbage-first heap   total 65536K, used 54104K [0x00000000a0000000, 0x0000000100000000)
  region size 1024K, 9 young (9216K), 2 survivors (2048K)
 Metaspace       used 56806K, capacity 58030K, committed 58112K, reserved 1099776K
  class space    used 7166K, capacity 7619K, committed 7680K, reserved 1048576K
}
Event: 170.559 GC heap after
{Heap after GC invocations=43 (full 0):
 garbage-first heap   total 65536K, used 46561K [0x00000000a0000000, 0x0000000100000000)
  region size 1024K, 2 young (2048K), 2 survivors (2048K)
 Metaspace       used 56806K, capacity 58030K, committed 58112K, reserved 1099776K
  class space    used 7166K, capacity 7619K, committed 7680K, reserved 1048576K
}
Event: 172.215 GC heap before
{Heap before GC invocations=43 (full 0):
 garbage-first heap   total 65536K, used 53729K [0x00000000a0000000, 0x0000000100000000)
  region size 1024K, 9 young (9216K), 2 survivors (2048K)
 Metaspace       used 58961K, capacity 60257K, committed 60416K, reserved 1101824K
  class space    used 7401K, capacity 7874K, committed 7936K, reserved 1048576K
}
Event: 172.225 GC heap after
{Heap after GC invocations=44 (full 0):
 garbage-first heap   total 65536K, used 46404K [0x00000000a0000000, 0x0000000100000000)
  region size 1024K, 1 young (1024K), 1 survivors (1024K)
 Metaspace       used 58961K, capacity 60257K, committed 60416K, reserved 1101824K
  class space    used 7401K, capacity 7874K, committed 7936K, reserved 1048576K
}
Event: 173.213 GC heap before
{Heap before GC invocations=45 (full 0):
 garbage-first heap   total 65536K, used 53572K [0x00000000a0000000, 0x0000000100000000)
  region size 1024K, 8 young (8192K), 1 survivors (1024K)
 Metaspace       used 59744K, capacity 61105K, committed 61312K, reserved 1101824K
  class space    used 7494K, capacity 8007K, committed 8064K, reserved 1048576K
}
Event: 173.225 GC heap after
{Heap after GC invocations=46 (full 0):
 garbage-first heap   total 78848K, used 46717K [0x00000000a0000000, 0x0000000100000000)
  region size 1024K, 1 young (1024K), 1 survivors (1024K)
 Metaspace       used 59744K, capacity 61105K, committed 61312K, reserved 1101824K
  class space    used 7494K, capacity 8007K, committed 8064K, reserved 1048576K
}
Event: 175.343 GC heap before
{Heap before GC invocations=46 (full 0):
 garbage-first heap   total 78848K, used 60029K [0x00000000a0000000, 0x0000000100000000)
  region size 1024K, 14 young (14336K), 1 survivors (1024K)
 Metaspace       used 60389K, capacity 61784K, committed 61824K, reserved 1103872K
  class space    used 7557K, capacity 8055K, committed 8064K, reserved 1048576K
}
Event: 175.355 GC heap after
{Heap after GC invocations=47 (full 0):
 garbage-first heap   total 78848K, used 47584K [0x00000000a0000000, 0x0000000100000000)
  region size 1024K, 2 young (2048K), 2 survivors (2048K)
 Metaspace       used 60389K, capacity 61784K, committed 61824K, reserved 1103872K
  class space    used 7557K, capacity 8055K, committed 8064K, reserved 1048576K
}
Event: 176.239 GC heap before
{Heap before GC invocations=48 (full 0):
 garbage-first heap   total 78848K, used 60896K [0x00000000a0000000, 0x0000000100000000)
  region size 1024K, 15 young (15360K), 2 survivors (2048K)
 Metaspace       used 60478K, capacity 61914K, committed 62080K, reserved 1103872K
  class space    used 7565K, capacity 8057K, committed 8064K, reserved 1048576K
}
Event: 176.255 GC heap after
{Heap after GC invocations=49 (full 0):
 garbage-first heap   total 78848K, used 48880K [0x00000000a0000000, 0x0000000100000000)
  region size 1024K, 2 young (2048K), 2 survivors (2048K)
 Metaspace       used 60478K, capacity 61914K, committed 62080K, reserved 1103872K
  class space    used 7565K, capacity 8057K, committed 8064K, reserved 1048576K
}
Event: 176.773 GC heap before
{Heap before GC invocations=49 (full 0):
 garbage-first heap   total 78848K, used 62192K [0x00000000a0000000, 0x0000000100000000)
  region size 1024K, 15 young (15360K), 2 survivors (2048K)
 Metaspace       used 60768K, capacity 62305K, committed 62464K, reserved 1103872K
  class space    used 7619K, capacity 8165K, committed 8192K, reserved 1048576K
}
Event: 176.792 GC heap after
{Heap after GC invocations=50 (full 0):
 garbage-first heap   total 78848K, used 50259K [0x00000000a0000000, 0x0000000100000000)
  region size 1024K, 2 young (2048K), 2 survivors (2048K)
 Metaspace       used 60768K, capacity 62305K, committed 62464K, reserved 1103872K
  class space    used 7619K, capacity 8165K, committed 8192K, reserved 1048576K
}
Event: 177.464 GC heap before
{Heap before GC invocations=51 (full 0):
 garbage-first heap   total 78848K, used 62547K [0x00000000a0000000, 0x0000000100000000)
  region size 1024K, 14 young (14336K), 2 survivors (2048K)
 Metaspace       used 60940K, capacity 62403K, committed 62464K, reserved 1103872K
  class space    used 7653K, capacity 8179K, committed 8192K, reserved 1048576K
}

Deoptimization events (20 events):
Event: 174.597 Thread 0x0000021e4b039800 Uncommon trap: trap_request=0xffffff4d fr.pc=0x0000021e3bad1f88 relative=0x0000000000000508
Event: 174.597 Thread 0x0000021e4b039800 Uncommon trap: reason=unstable_if action=reinterpret pc=0x0000021e3bad1f88 method=org.gradle.internal.snapshot.VfsRelativePath.hasPrefix(Ljava/lang/String;Lorg/gradle/internal/snapshot/CaseSensitivity;)Z @ 90 c2
Event: 174.597 Thread 0x0000021e4b039800 DEOPT PACKING pc=0x0000021e3bad1f88 sp=0x000000c6bc9f4640
Event: 174.597 Thread 0x0000021e4b039800 DEOPT UNPACKING pc=0x0000021e33e062a9 sp=0x000000c6bc9f45c8 mode 2
Event: 176.051 Thread 0x0000021e4b039800 Uncommon trap: trap_request=0xffffff4d fr.pc=0x0000021e3bbadacc relative=0x000000000000044c
Event: 176.051 Thread 0x0000021e4b039800 Uncommon trap: reason=unstable_if action=reinterpret pc=0x0000021e3bbadacc method=org.codehaus.groovy.runtime.metaclass.MetaMethodIndex.copyNonPrivateNonNewMetaMethods(Lorg/codehaus/groovy/runtime/metaclass/MetaMethodIndex$Entry;Lorg/codehaus/groovy/runti
Event: 176.051 Thread 0x0000021e4b039800 DEOPT PACKING pc=0x0000021e3bbadacc sp=0x000000c6bc9f36d0
Event: 176.051 Thread 0x0000021e4b039800 DEOPT UNPACKING pc=0x0000021e33e062a9 sp=0x000000c6bc9f3688 mode 2
Event: 176.143 Thread 0x0000021e4b039800 Uncommon trap: trap_request=0xffffff4d fr.pc=0x0000021e3badd238 relative=0x00000000000015f8
Event: 176.143 Thread 0x0000021e4b039800 Uncommon trap: reason=unstable_if action=reinterpret pc=0x0000021e3badd238 method=org.codehaus.groovy.runtime.metaclass.MetaMethodIndex.addMethodToList(Ljava/lang/Object;Lgroovy/lang/MetaMethod;)Ljava/lang/Object; @ 256 c2
Event: 176.143 Thread 0x0000021e4b039800 DEOPT PACKING pc=0x0000021e3badd238 sp=0x000000c6bc9f3d10
Event: 176.143 Thread 0x0000021e4b039800 DEOPT UNPACKING pc=0x0000021e33e062a9 sp=0x000000c6bc9f3cb8 mode 2
Event: 176.610 Thread 0x0000021e4b039800 Uncommon trap: trap_request=0xffffff4d fr.pc=0x0000021e3bbb939c relative=0x000000000000281c
Event: 176.610 Thread 0x0000021e4b039800 Uncommon trap: reason=unstable_if action=reinterpret pc=0x0000021e3bbb939c method=groovy.lang.MetaClassImpl.checkIfStdMethod(Lgroovy/lang/MetaMethod;)V @ 55 c2
Event: 176.610 Thread 0x0000021e4b039800 DEOPT PACKING pc=0x0000021e3bbb939c sp=0x000000c6bc9f3c40
Event: 176.610 Thread 0x0000021e4b039800 DEOPT UNPACKING pc=0x0000021e33e062a9 sp=0x000000c6bc9f3c68 mode 2
Event: 177.342 Thread 0x0000021e4b039800 Uncommon trap: trap_request=0xffffff5c fr.pc=0x0000021e3b95ea08 relative=0x0000000000000d48
Event: 177.342 Thread 0x0000021e4b039800 Uncommon trap: reason=speculate_null_assert action=make_not_entrant pc=0x0000021e3b95ea08 method=jdk.internal.loader.URLClassPath$JarLoader.getResource(Ljava/lang/String;ZLjava/util/Set;)Ljdk/internal/loader/Resource; @ 17 c2
Event: 177.342 Thread 0x0000021e4b039800 DEOPT PACKING pc=0x0000021e3b95ea08 sp=0x000000c6bc9efbf0
Event: 177.342 Thread 0x0000021e4b039800 DEOPT UNPACKING pc=0x0000021e33e062a9 sp=0x000000c6bc9efb98 mode 2

Classes redefined (0 events):
No events

Internal exceptions (20 events):
Event: 177.346 Thread 0x0000021e4b039800 Exception <a 'java/security/PrivilegedActionException'{0x00000000a4554760}> (0x00000000a4554760) thrown at [./src/hotspot/share/prims/jvm.cpp, line 1306]
Event: 177.348 Thread 0x0000021e4b039800 Exception <a 'java/security/PrivilegedActionException'{0x00000000a4560af8}> (0x00000000a4560af8) thrown at [./src/hotspot/share/prims/jvm.cpp, line 1306]
Event: 177.348 Thread 0x0000021e4b039800 Exception <a 'java/security/PrivilegedActionException'{0x00000000a4562b00}> (0x00000000a4562b00) thrown at [./src/hotspot/share/prims/jvm.cpp, line 1306]
Event: 177.349 Thread 0x0000021e4b039800 Exception <a 'java/lang/ClassNotFoundException'{0x00000000a4579118}: org/apache/tools/ant/taskdefs/condition/OsBeanInfo> (0x00000000a4579118) thrown at [./src/hotspot/share/classfile/systemDictionary.cpp, line 231]
Event: 177.350 Thread 0x0000021e4b039800 Exception <a 'java/security/PrivilegedActionException'{0x00000000a457fb00}> (0x00000000a457fb00) thrown at [./src/hotspot/share/prims/jvm.cpp, line 1306]
Event: 177.350 Thread 0x0000021e4b039800 Exception <a 'java/security/PrivilegedActionException'{0x00000000a4581860}> (0x00000000a4581860) thrown at [./src/hotspot/share/prims/jvm.cpp, line 1306]
Event: 177.351 Thread 0x0000021e4b039800 Exception <a 'java/security/PrivilegedActionException'{0x00000000a458c170}> (0x00000000a458c170) thrown at [./src/hotspot/share/prims/jvm.cpp, line 1306]
Event: 177.352 Thread 0x0000021e4b039800 Exception <a 'java/security/PrivilegedActionException'{0x00000000a458e178}> (0x00000000a458e178) thrown at [./src/hotspot/share/prims/jvm.cpp, line 1306]
Event: 177.355 Thread 0x0000021e4b039800 Exception <a 'java/security/PrivilegedActionException'{0x00000000a45950b0}> (0x00000000a45950b0) thrown at [./src/hotspot/share/prims/jvm.cpp, line 1306]
Event: 177.355 Thread 0x0000021e4b039800 Exception <a 'java/security/PrivilegedActionException'{0x00000000a45970b8}> (0x00000000a45970b8) thrown at [./src/hotspot/share/prims/jvm.cpp, line 1306]
Event: 177.381 Thread 0x0000021e4b039800 Exception <a 'java/security/PrivilegedActionException'{0x00000000a45a3800}> (0x00000000a45a3800) thrown at [./src/hotspot/share/prims/jvm.cpp, line 1306]
Event: 177.382 Thread 0x0000021e4b039800 Exception <a 'java/security/PrivilegedActionException'{0x00000000a45a5808}> (0x00000000a45a5808) thrown at [./src/hotspot/share/prims/jvm.cpp, line 1306]
Event: 177.383 Thread 0x0000021e4b039800 Exception <a 'java/lang/ClassNotFoundException'{0x00000000a45bc510}: org/apache/tools/ant/taskdefs/condition/OsCustomizer> (0x00000000a45bc510) thrown at [./src/hotspot/share/classfile/systemDictionary.cpp, line 231]
Event: 177.418 Thread 0x0000021e4b039800 Exception <a 'java/lang/ClassNotFoundException'{0x00000000a44538c0}: org/gradle/api/internal/NamedDomainObjectContainerConfigureDelegateBeanInfo> (0x00000000a44538c0) thrown at [./src/hotspot/share/classfile/systemDictionary.cpp, line 231]
Event: 177.421 Thread 0x0000021e4b039800 Exception <a 'java/lang/ClassNotFoundException'{0x00000000a448a780}: org/gradle/api/internal/NamedDomainObjectContainerConfigureDelegateCustomizer> (0x00000000a448a780) thrown at [./src/hotspot/share/classfile/systemDictionary.cpp, line 231]
Event: 177.448 Thread 0x0000021e4b039800 Exception <a 'java/lang/ClassNotFoundException'{0x00000000a42eef60}: org/gradle/api/internal/FactoryNamedDomainObjectContainer_DecoratedBeanInfo> (0x00000000a42eef60) thrown at [./src/hotspot/share/classfile/systemDictionary.cpp, line 231]
Event: 177.450 Thread 0x0000021e4b039800 Exception <a 'java/lang/ClassNotFoundException'{0x00000000a41239c8}: org/gradle/api/internal/FactoryNamedDomainObjectContainerBeanInfo> (0x00000000a41239c8) thrown at [./src/hotspot/share/classfile/systemDictionary.cpp, line 231]
Event: 177.454 Thread 0x0000021e4b039800 Exception <a 'java/lang/ClassNotFoundException'{0x00000000a41594c0}: org/gradle/api/internal/AbstractNamedDomainObjectContainerBeanInfo> (0x00000000a41594c0) thrown at [./src/hotspot/share/classfile/systemDictionary.cpp, line 231]
Event: 177.456 Thread 0x0000021e4b039800 Exception <a 'java/lang/ClassNotFoundException'{0x00000000a418fbd8}: org/gradle/api/internal/AbstractNamedDomainObjectContainerCustomizer> (0x00000000a418fbd8) thrown at [./src/hotspot/share/classfile/systemDictionary.cpp, line 231]
Event: 177.461 Thread 0x0000021e4b039800 Exception <a 'java/lang/ClassNotFoundException'{0x00000000a41d8a38}: org/gradle/api/internal/FactoryNamedDomainObjectContainerCustomizer> (0x00000000a41d8a38) thrown at [./src/hotspot/share/classfile/systemDictionary.cpp, line 231]

Events (20 events):
Event: 177.454 loading class org/gradle/api/internal/AbstractNamedDomainObjectContainerCustomizer done
Event: 177.455 loading class org/gradle/api/internal/AbstractNamedDomainObjectContainerCustomizer
Event: 177.455 loading class org/gradle/api/internal/AbstractNamedDomainObjectContainerCustomizer done
Event: 177.456 loading class org/gradle/api/internal/AbstractNamedDomainObjectContainerCustomizer
Event: 177.456 loading class org/gradle/api/internal/AbstractNamedDomainObjectContainerCustomizer done
Event: 177.458 loading class org/gradle/api/internal/FactoryNamedDomainObjectContainerCustomizer
Event: 177.458 loading class org/gradle/api/internal/FactoryNamedDomainObjectContainerCustomizer done
Event: 177.459 loading class org/gradle/api/internal/FactoryNamedDomainObjectContainerCustomizer
Event: 177.459 loading class org/gradle/api/internal/FactoryNamedDomainObjectContainerCustomizer done
Event: 177.459 loading class org/gradle/api/internal/FactoryNamedDomainObjectContainerCustomizer
Event: 177.459 loading class org/gradle/api/internal/FactoryNamedDomainObjectContainerCustomizer done
Event: 177.461 loading class org/gradle/api/internal/FactoryNamedDomainObjectContainerCustomizer
Event: 177.461 loading class org/gradle/api/internal/FactoryNamedDomainObjectContainerCustomizer done
Event: 177.462 loading class org/gradle/api/internal/FactoryNamedDomainObjectContainer_DecoratedCustomizer
Event: 177.462 loading class org/gradle/api/internal/FactoryNamedDomainObjectContainer_DecoratedCustomizer done
Event: 177.463 loading class org/gradle/api/internal/FactoryNamedDomainObjectContainer_DecoratedCustomizer
Event: 177.463 loading class org/gradle/api/internal/FactoryNamedDomainObjectContainer_DecoratedCustomizer done
Event: 177.463 loading class org/gradle/api/internal/FactoryNamedDomainObjectContainer_DecoratedCustomizer
Event: 177.463 loading class org/gradle/api/internal/FactoryNamedDomainObjectContainer_DecoratedCustomizer done
Event: 177.464 Executing VM operation: G1CollectForAllocation


Dynamic libraries:
0x00007ff62bf60000 - 0x00007ff62bf6a000 	C:\Users\h\Documents\andriod\jre\bin\java.exe
0x00007ffafd410000 - 0x00007ffafd605000 	C:\WINDOWS\SYSTEM32\ntdll.dll
0x00007ffafbdf0000 - 0x00007ffafbeae000 	C:\WINDOWS\System32\KERNEL32.DLL
0x00007ffafaf30000 - 0x00007ffafb1f8000 	C:\WINDOWS\System32\KERNELBASE.dll
0x00007ffafac80000 - 0x00007ffafad80000 	C:\WINDOWS\System32\ucrtbase.dll
0x00007ffaf5b10000 - 0x00007ffaf5b29000 	C:\Users\h\Documents\andriod\jre\bin\jli.dll
0x00007ffafd120000 - 0x00007ffafd2c0000 	C:\WINDOWS\System32\USER32.dll
0x00007ffafad80000 - 0x00007ffafada2000 	C:\WINDOWS\System32\win32u.dll
0x00007ffafd2c0000 - 0x00007ffafd2eb000 	C:\WINDOWS\System32\GDI32.dll
0x00007ffafadb0000 - 0x00007ffafaebd000 	C:\WINDOWS\System32\gdi32full.dll
0x00007ffafb330000 - 0x00007ffafb3cd000 	C:\WINDOWS\System32\msvcp_win.dll
0x00007ffaf5af0000 - 0x00007ffaf5b07000 	C:\Users\h\Documents\andriod\jre\bin\VCRUNTIME140.dll
0x00007ffae6710000 - 0x00007ffae69aa000 	C:\WINDOWS\WinSxS\amd64_microsoft.windows.common-controls_6595b64144ccf1df_6.0.19041.1110_none_60b5254171f9507e\COMCTL32.dll
0x00007ffafb690000 - 0x00007ffafb72e000 	C:\WINDOWS\System32\msvcrt.dll
0x00007ffafc8f0000 - 0x00007ffafc920000 	C:\WINDOWS\System32\IMM32.DLL
0x00007ffaf5a50000 - 0x00007ffaf5aed000 	C:\Users\h\Documents\andriod\jre\bin\msvcp140.dll
0x00007ffaac280000 - 0x00007ffaacd55000 	C:\Users\h\Documents\andriod\jre\bin\server\jvm.dll
0x00007ffafbb50000 - 0x00007ffafbbfe000 	C:\WINDOWS\System32\ADVAPI32.dll
0x00007ffafc0c0000 - 0x00007ffafc15c000 	C:\WINDOWS\System32\sechost.dll
0x00007ffafb540000 - 0x00007ffafb665000 	C:\WINDOWS\System32\RPCRT4.dll
0x00007ffafd2f0000 - 0x00007ffafd2f8000 	C:\WINDOWS\System32\PSAPI.DLL
0x00007ffaf9280000 - 0x00007ffaf9289000 	C:\WINDOWS\SYSTEM32\WSOCK32.dll
0x00007ffafd300000 - 0x00007ffafd36b000 	C:\WINDOWS\System32\WS2_32.dll
0x00007ffae6360000 - 0x00007ffae6387000 	C:\WINDOWS\SYSTEM32\WINMM.dll
0x00007ffaefcc0000 - 0x00007ffaefcca000 	C:\WINDOWS\SYSTEM32\VERSION.dll
0x00007ffaf9610000 - 0x00007ffaf9622000 	C:\WINDOWS\SYSTEM32\kernel.appcore.dll
0x00007ffaf5a30000 - 0x00007ffaf5a41000 	C:\Users\h\Documents\andriod\jre\bin\verify.dll
0x00007ffaf9070000 - 0x00007ffaf9254000 	C:\WINDOWS\SYSTEM32\DBGHELP.DLL
0x00007ffae47f0000 - 0x00007ffae481c000 	C:\WINDOWS\SYSTEM32\dbgcore.DLL
0x00007ffafb3d0000 - 0x00007ffafb452000 	C:\WINDOWS\System32\bcryptPrimitives.dll
0x00007ffaf5a00000 - 0x00007ffaf5a29000 	C:\Users\h\Documents\andriod\jre\bin\java.dll
0x00007ffaf59f0000 - 0x00007ffaf59fb000 	C:\Users\h\Documents\andriod\jre\bin\jimage.dll
0x00007ffad1660000 - 0x00007ffad1678000 	C:\Users\h\Documents\andriod\jre\bin\zip.dll
0x00007ffafc920000 - 0x00007ffafd064000 	C:\WINDOWS\System32\SHELL32.dll
0x00007ffaf8810000 - 0x00007ffaf8fa4000 	C:\WINDOWS\SYSTEM32\windows.storage.dll
0x00007ffafb7f0000 - 0x00007ffafbb45000 	C:\WINDOWS\System32\combase.dll
0x00007ffafa4a0000 - 0x00007ffafa4ce000 	C:\WINDOWS\SYSTEM32\Wldp.dll
0x00007ffafd070000 - 0x00007ffafd11d000 	C:\WINDOWS\System32\SHCORE.dll
0x00007ffafd370000 - 0x00007ffafd3c5000 	C:\WINDOWS\System32\shlwapi.dll
0x00007ffafaa60000 - 0x00007ffafaa7f000 	C:\WINDOWS\SYSTEM32\profapi.dll
0x00007ffad1640000 - 0x00007ffad165a000 	C:\Users\h\Documents\andriod\jre\bin\net.dll
0x00007ffae61e0000 - 0x00007ffae62ec000 	C:\WINDOWS\SYSTEM32\WINHTTP.dll
0x00007ffafa200000 - 0x00007ffafa26a000 	C:\WINDOWS\system32\mswsock.dll
0x00007ffad1620000 - 0x00007ffad1634000 	C:\Users\h\Documents\andriod\jre\bin\nio.dll
0x00007ffad1770000 - 0x00007ffad1797000 	C:\Users\h\.gradle\native\fdc75f09e3144964f2cf3f50f0aa648679c211496f362492102eb8c894070792\windows-amd64\native-platform.dll
0x00007ffaaf230000 - 0x00007ffaaf3c6000 	C:\Users\h\.gradle\native\12488b8bf47d2d4c9fbf2f6322a914ad602e24e48041cd04a747c6da556b65c4\windows-amd64\native-platform-file-events.dll
0x00007ffaf59e0000 - 0x00007ffaf59ea000 	C:\Users\h\Documents\andriod\jre\bin\management.dll
0x00007ffaf2b80000 - 0x00007ffaf2b8d000 	C:\Users\h\Documents\andriod\jre\bin\management_ext.dll
0x00007ffafa3f0000 - 0x00007ffafa408000 	C:\WINDOWS\SYSTEM32\CRYPTSP.dll
0x00007ffaf9b80000 - 0x00007ffaf9bb4000 	C:\WINDOWS\system32\rsaenh.dll
0x00007ffafb2b0000 - 0x00007ffafb2d7000 	C:\WINDOWS\System32\bcrypt.dll
0x00007ffafa9e0000 - 0x00007ffafaa0e000 	C:\WINDOWS\SYSTEM32\USERENV.dll
0x00007ffafa410000 - 0x00007ffafa41c000 	C:\WINDOWS\SYSTEM32\CRYPTBASE.dll
0x00007ffaf9ef0000 - 0x00007ffaf9f2b000 	C:\WINDOWS\SYSTEM32\IPHLPAPI.DLL
0x00007ffafbde0000 - 0x00007ffafbde8000 	C:\WINDOWS\System32\NSI.dll
0x00007ffaeddd0000 - 0x00007ffaedde7000 	C:\WINDOWS\SYSTEM32\dhcpcsvc6.DLL
0x00007ffaeef50000 - 0x00007ffaeef6d000 	C:\WINDOWS\SYSTEM32\dhcpcsvc.DLL
0x00007ffaf9f30000 - 0x00007ffaf9ffb000 	C:\WINDOWS\SYSTEM32\DNSAPI.dll
0x00007ffaefc00000 - 0x00007ffaefc0b000 	C:\WINDOWS\SYSTEM32\WINNSI.DLL

dbghelp: loaded successfully - version: 4.0.5 - missing functions: none
symbol engine: initialized successfully - sym options: 0x614 - pdb path: .;C:\Users\h\Documents\andriod\jre\bin;C:\WINDOWS\SYSTEM32;C:\WINDOWS\WinSxS\amd64_microsoft.windows.common-controls_6595b64144ccf1df_6.0.19041.1110_none_60b5254171f9507e;C:\Users\h\Documents\andriod\jre\bin\server;C:\Users\h\.gradle\native\fdc75f09e3144964f2cf3f50f0aa648679c211496f362492102eb8c894070792\windows-amd64;C:\Users\h\.gradle\native\12488b8bf47d2d4c9fbf2f6322a914ad602e24e48041cd04a747c6da556b65c4\windows-amd64

VM Arguments:
jvm_args: --add-opens=java.base/java.util=ALL-UNNAMED --add-opens=java.base/java.lang=ALL-UNNAMED --add-opens=java.base/java.lang.invoke=ALL-UNNAMED --add-opens=java.prefs/java.util.prefs=ALL-UNNAMED -Xmx1536M -Dfile.encoding=windows-1252 -Duser.country=US -Duser.language=en -Duser.variant 
java_command: org.gradle.launcher.daemon.bootstrap.GradleDaemon 6.7
java_class_path (initial): C:\Users\h\.gradle\wrapper\dists\gradle-6.7-all\cuy9mc7upwgwgeb72wkcrupxe\gradle-6.7\lib\gradle-launcher-6.7.jar
Launcher Type: SUN_STANDARD

[Global flags]
     intx CICompilerCount                          = 2                                         {product} {ergonomic}
     uint ConcGCThreads                            = 1                                         {product} {ergonomic}
     uint G1ConcRefinementThreads                  = 2                                         {product} {ergonomic}
   size_t G1HeapRegionSize                         = 1048576                                   {product} {ergonomic}
    uintx GCDrainStackTargetSize                   = 64                                        {product} {ergonomic}
   size_t InitialHeapSize                          = 67108864                                  {product} {ergonomic}
   size_t MarkStackSize                            = 4194304                                   {product} {ergonomic}
   size_t MaxHeapSize                              = 1610612736                                {product} {command line}
   size_t MaxNewSize                               = 965738496                                 {product} {ergonomic}
   size_t MinHeapDeltaBytes                        = 1048576                                   {product} {ergonomic}
    uintx NonNMethodCodeHeapSize                   = 5825164                                {pd product} {ergonomic}
    uintx NonProfiledCodeHeapSize                  = 122916538                              {pd product} {ergonomic}
    uintx ProfiledCodeHeapSize                     = 122916538                              {pd product} {ergonomic}
    uintx ReservedCodeCacheSize                    = 251658240                              {pd product} {ergonomic}
     bool SegmentedCodeCache                       = true                                      {product} {ergonomic}
     bool UseCompressedClassPointers               = true                                 {lp64_product} {ergonomic}
     bool UseCompressedOops                        = true                                 {lp64_product} {ergonomic}
     bool UseG1GC                                  = true                                      {product} {ergonomic}
     bool UseLargePagesIndividualAllocation        = false                                  {pd product} {ergonomic}

Logging:
Log output configuration:
 #0: stdout all=warning uptime,level,tags
 #1: stderr all=off uptime,level,tags

Environment Variables:
JAVA_HOME=C:\Users\h\Documents\andriod\jre
CLASSPATH=C:\Users\h\Desktop\flutter_multiscreen_app\android\\gradle\wrapper\gradle-wrapper.jar
PATH=C:\Program Files (x86)\Common Files\Intel\Shared Files\cpp\bin\Intel64;C:\WINDOWS\system32;C:\WINDOWS;C:\WINDOWS\System32\Wbem;C:\WINDOWS\System32\WindowsPowerShell\v1.0\;C:\WINDOWS\System32\OpenSSH\;C:\MinGW\bin;C:\Users\h\Documents\flutter\bin;%ANDROID_HOME%\platform-tools;%ANDROID_HOME%\tools;C:\Users\h\AppData\Local\Microsoft\WindowsApps;C:\Users\h\AppData\Local\Programs\Microsoft VS Code\bin;clear;C:\Users\h\Documents\flutter\bin;%ANDROID_HOME%\platform-tools;%ANDROID_HOME%\tools;C:\Users\h\AppData\Local\Android\Sdk\emulator;;C:\Users\h\Documents\flutter\bin\mingit\cmd
USERNAME=h
LANG=en_US.UTF-8
OS=Windows_NT
PROCESSOR_IDENTIFIER=Intel64 Family 6 Model 76 Stepping 4, GenuineIntel



---------------  S Y S T E M  ---------------

OS: Windows 10 , 64 bit Build 19041 (10.0.19041.1503)
OS uptime: 0 days 0:17 hours

CPU:total 2 (initial active 2) (2 cores per cpu, 1 threads per core) family 6 model 76 stepping 4 microcode 0x411, cmov, cx8, fxsr, mmx, sse, sse2, sse3, ssse3, sse4.1, sse4.2, popcnt, aes, clmul, erms, 3dnowpref, tsc, tscinvbit

Memory: 4k page, system-wide physical 4001M (295M free)
TotalPageFile size 5296M (AvailPageFile size 19M)
current process WorkingSet (physical memory assigned to process): 261M, peak: 263M
current process commit charge ("private bytes"): 289M, peak: 305M

vm_info: OpenJDK 64-Bit Server VM (11.0.11+9-b60-7590822) for windows-amd64 JRE (11.0.11+9-b60-7590822), built on Jul 29 2021 21:43:44 by "builder" with MS VC++ 14.0 (VS2015)

END.
